2024-09-26 17:40:48,560 [INFO] Activator:176 - 


2024-09-26 17:40:48,567 [INFO] Activator:177 - !SESSION log4j initialized
2024-09-26 17:40:55,410 [INFO] LogOutputStream:77 - [STDOUT_REDIRECT] 
2024-09-26 17:40:57,790 [INFO] ApplicationProperties:184 - Using Application install path: C:\ST\STM32CubeIDE_1.16.0\STM32CubeIDE\plugins\com.st.stm32cube.common.mx_6.12.0.202406281431
2024-09-26 17:40:57,815 [INFO] DbMcusXml:78 - Set database path to: C:\ST\STM32CubeIDE_1.16.0\STM32CubeIDE\plugins\com.st.stm32cube.common.mx_6.12.0.202406281431\\db\/mcu/
2024-09-26 17:40:57,816 [INFO] ApiDb:274 - Set plugin database path to: C:\ST\STM32CubeIDE_1.16.0\STM32CubeIDE\plugins\com.st.stm32cube.common.mx_6.12.0.202406281431\\db\/plugins/boardmanager/
2024-09-26 17:40:57,816 [WARN] ApiDb:259 - Overriding images path with different value:  => C:\ST\STM32CubeIDE_1.16.0\STM32CubeIDE\plugins\com.st.stm32cube.common.mx_6.12.0.202406281431\\db\/plugins/mcufinder/images/
2024-09-26 17:40:57,830 [INFO] ApiDb:250 - Set database path to: C:\Users\wwd\.stmcufinder\plugins\mcufinder//mcu/
2024-09-26 17:40:57,831 [INFO] DbMcusAds:125 - Set database path to: C:\Users\wwd\.stmcufinder\plugins\mcufinder//mcu/
2024-09-26 17:40:57,834 [INFO] CrossReferenceDbSqlite:203 - Set database path to: C:\Users\wwd\.stmcufinder\plugins\mcufinder//mcu/cs/
2024-09-26 17:40:57,972 [INFO] RulesReader:64 - Compatibility file has been processed (297 Rules)
2024-09-26 17:40:58,078 [INFO] DbMcusXml:78 - Set database path to: C:\ST\STM32CubeIDE_1.16.0\STM32CubeIDE\plugins\com.st.stm32cube.common.mx_6.12.0.202406281431\\db\/mcu/
2024-09-26 17:40:58,078 [INFO] ApiDb:274 - Set plugin database path to: C:\ST\STM32CubeIDE_1.16.0\STM32CubeIDE\plugins\com.st.stm32cube.common.mx_6.12.0.202406281431\\db\/plugins/boardmanager/
2024-09-26 17:40:58,079 [INFO] ApiDb:261 - Set plugin images path to: C:\ST\STM32CubeIDE_1.16.0\STM32CubeIDE\plugins\com.st.stm32cube.common.mx_6.12.0.202406281431\\db\/plugins/mcufinder/images/
2024-09-26 17:40:58,079 [WARN] DbFile:41 - Overriding database path with different value: C:\Users\wwd\.stmcufinder\plugins\mcufinder/ => C:\Users\wwd\.stmcufinder\plugins\mcufinder
2024-09-26 17:40:58,079 [INFO] ApiDb:250 - Set database path to: C:\Users\wwd\.stmcufinder\plugins\mcufinder//mcu/
2024-09-26 17:40:58,079 [WARN] DbFile:41 - Overriding database path with different value: C:\Users\wwd\.stmcufinder\plugins\mcufinder/ => C:\Users\wwd\.stmcufinder\plugins\mcufinder
2024-09-26 17:40:58,079 [INFO] DbMcusAds:125 - Set database path to: C:\Users\wwd\.stmcufinder\plugins\mcufinder//mcu/
2024-09-26 17:40:58,080 [WARN] DbFile:41 - Overriding database path with different value: C:\Users\wwd\.stmcufinder\plugins\mcufinder/ => C:\Users\wwd\.stmcufinder\plugins\mcufinder
2024-09-26 17:40:58,080 [WARN] DbFile:41 - Overriding database path with different value: C:\Users\wwd\.stmcufinder\plugins\mcufinder/ => C:\Users\wwd\.stmcufinder\plugins\mcufinder
2024-09-26 17:40:58,080 [INFO] CrossReferenceDbSqlite:203 - Set database path to: C:\Users\wwd\.stmcufinder\plugins\mcufinder//mcu/cs/
2024-09-26 17:40:58,181 [INFO] MainPanel:268 - HeapMemory: 268435456
2024-09-26 17:40:58,309 [INFO] DbMcusXml:78 - Set database path to: C:\ST\STM32CubeIDE_1.16.0\STM32CubeIDE\plugins\com.st.stm32cube.common.mx_6.12.0.202406281431\\db\/mcu/
2024-09-26 17:40:58,309 [INFO] ApiDb:274 - Set plugin database path to: C:\ST\STM32CubeIDE_1.16.0\STM32CubeIDE\plugins\com.st.stm32cube.common.mx_6.12.0.202406281431\\db\/plugins/boardmanager/
2024-09-26 17:40:58,310 [INFO] ApiDb:261 - Set plugin images path to: C:\ST\STM32CubeIDE_1.16.0\STM32CubeIDE\plugins\com.st.stm32cube.common.mx_6.12.0.202406281431\\db\/plugins/mcufinder/images/
2024-09-26 17:40:58,310 [WARN] DbFile:41 - Overriding database path with different value: C:\Users\wwd\.stmcufinder\plugins\mcufinder/ => C:\Users\wwd\.stmcufinder\plugins\mcufinder
2024-09-26 17:40:58,310 [INFO] ApiDb:250 - Set database path to: C:\Users\wwd\.stmcufinder\plugins\mcufinder//mcu/
2024-09-26 17:40:58,311 [WARN] DbFile:41 - Overriding database path with different value: C:\Users\wwd\.stmcufinder\plugins\mcufinder/ => C:\Users\wwd\.stmcufinder\plugins\mcufinder
2024-09-26 17:40:58,311 [INFO] DbMcusAds:125 - Set database path to: C:\Users\wwd\.stmcufinder\plugins\mcufinder//mcu/
2024-09-26 17:40:58,311 [WARN] DbFile:41 - Overriding database path with different value: C:\Users\wwd\.stmcufinder\plugins\mcufinder/ => C:\Users\wwd\.stmcufinder\plugins\mcufinder
2024-09-26 17:40:58,311 [WARN] DbFile:41 - Overriding database path with different value: C:\Users\wwd\.stmcufinder\plugins\mcufinder/ => C:\Users\wwd\.stmcufinder\plugins\mcufinder
2024-09-26 17:40:58,311 [INFO] CrossReferenceDbSqlite:203 - Set database path to: C:\Users\wwd\.stmcufinder\plugins\mcufinder//mcu/cs/
2024-09-26 17:40:58,338 [INFO] ApplicationProperties:184 - Using Application install path: C:\ST\STM32CubeIDE_1.16.0\STM32CubeIDE\plugins\com.st.stm32cube.common.mx_6.12.0.202406281431
2024-09-26 17:40:58,340 [INFO] PluginManage:196 - Search for loadable plugins [exclusion list=, ]
2024-09-26 17:40:58,342 [INFO] PluginManage:310 - Check plugin analytics
2024-09-26 17:40:58,576 [INFO] AnalyticsPlugin:253 - Accepted Software Licenses: STM32CubeMX.6.12.0
2024-09-26 17:40:58,576 [INFO] AnalyticsPlugin:255 - Accepted CMSIS Pack Licenses: 
2024-09-26 17:40:58,577 [INFO] AnalyticsPlugin:257 - Accepted Firmware Licenses: FW.F4.1.28.0
2024-09-26 17:40:58,582 [INFO] PluginManage:359 - Loaded plugin analytics (category:tool,tabindex:-1)
2024-09-26 17:40:58,582 [INFO] PluginManage:310 - Check plugin cadmodel
2024-09-26 17:40:58,589 [INFO] CADModel:105 - Init CAD model plugin
2024-09-26 17:40:58,589 [INFO] PluginManage:359 - Loaded plugin cadmodel (category:power,tabindex:5)
2024-09-26 17:40:58,589 [INFO] PluginManage:310 - Check plugin clock
2024-09-26 17:40:58,603 [INFO] PluginManage:359 - Loaded plugin clock (category:base,tabindex:2)
2024-09-26 17:40:58,603 [INFO] PluginManage:310 - Check plugin ddr
2024-09-26 17:40:58,606 [INFO] PluginManage:359 - Loaded plugin ddr (category:tool,tabindex:6)
2024-09-26 17:40:58,607 [INFO] PluginManage:310 - Check plugin filemanager
2024-09-26 17:40:58,837 [INFO] PluginManage:359 - Loaded plugin filemanager (category:base,tabindex:10)
2024-09-26 17:40:58,837 [INFO] PluginManage:310 - Check plugin ipmanager
2024-09-26 17:40:58,852 [INFO] PluginManage:359 - Loaded plugin ipmanager (category:base,tabindex:5)
2024-09-26 17:40:58,853 [INFO] PluginManage:310 - Check plugin lpbam
2024-09-26 17:40:58,872 [INFO] PluginManage:359 - Loaded plugin lpbam (category:base,tabindex:0)
2024-09-26 17:40:58,872 [INFO] PluginManage:310 - Check plugin memorymap
2024-09-26 17:40:58,905 [INFO] PluginManage:359 - Loaded plugin memorymap (category:base,tabindex:4)
2024-09-26 17:40:58,905 [INFO] PluginManage:310 - Check plugin pinoutandconfiguration
2024-09-26 17:40:58,923 [INFO] PluginManage:359 - Loaded plugin pinoutandconfiguration (category:base,tabindex:1)
2024-09-26 17:40:58,924 [INFO] PluginManage:310 - Check plugin pinoutconfig
2024-09-26 17:40:59,065 [WARN] SupportedApi:132 - Cannot load RTOS API schema: s4s-elt-must-match.1: The content of 'definitions' must match (annotation?, (simpleType | complexType)?, (unique | key | keyref)*)). A problem was found starting at: attribute.
2024-09-26 17:40:59,230 [INFO] PluginManage:359 - Loaded plugin pinoutconfig (category:base,tabindex:0)
2024-09-26 17:40:59,230 [INFO] PluginManage:310 - Check plugin power
2024-09-26 17:40:59,244 [INFO] PluginManage:359 - Loaded plugin power (category:power,tabindex:4)
2024-09-26 17:40:59,245 [INFO] PluginManage:310 - Check plugin projectmanager
2024-09-26 17:40:59,269 [INFO] PluginManage:359 - Loaded plugin projectmanager (category:projectmanager,tabindex:4)
2024-09-26 17:40:59,270 [INFO] PluginManage:310 - Check plugin rif
2024-09-26 17:40:59,278 [INFO] PluginManage:359 - Loaded plugin rif (category:base,tabindex:3)
2024-09-26 17:40:59,279 [INFO] PluginManage:310 - Check plugin thirdparty
2024-09-26 17:40:59,453 [INFO] PluginManage:359 - Loaded plugin thirdparty (category:base,tabindex:-1)
2024-09-26 17:40:59,453 [WARN] IntegrityCheckThread:84 - waiting for thirdparty lock release [integrity check]
2024-09-26 17:40:59,454 [INFO] IntegrityCheckThread:86 - entering critical section [integrity check]
2024-09-26 17:40:59,454 [INFO] PluginManage:310 - Check plugin tools
2024-09-26 17:40:59,454 [INFO] ThirdPartyUpdaterWithRetryManager:70 - Updater plugin not ready yet. [1/15]
2024-09-26 17:40:59,458 [INFO] PluginManage:359 - Loaded plugin tools (category:base,tabindex:7)
2024-09-26 17:40:59,458 [INFO] PluginManage:310 - Check plugin tutovideos
2024-09-26 17:40:59,660 [INFO] PluginManage:359 - Loaded plugin tutovideos (category:base,tabindex:-1)
2024-09-26 17:40:59,660 [INFO] PluginManage:310 - Check plugin updater
2024-09-26 17:40:59,681 [INFO] PluginManage:359 - Loaded plugin updater (category:base,tabindex:12)
2024-09-26 17:40:59,682 [INFO] PluginManage:310 - Check plugin userauth
2024-09-26 17:40:59,688 [INFO] UserAuth:113 - Init User Auth plugin
2024-09-26 17:40:59,688 [INFO] PluginManage:359 - Loaded plugin userauth (category:base,tabindex:14)
2024-09-26 17:40:59,689 [INFO] PluginManage:283 - PluginManage : Loaded plugins [18]
2024-09-26 17:40:59,958 [INFO] PinOutPanel:1561 - setPackage(No Configuration,No Configuration)
2024-09-26 17:41:00,088 [INFO] CADModel:165 - CPN selected for project level
2024-09-26 17:41:00,088 [INFO] CADModel:114 - Register for checkConnection events
2024-09-26 17:41:00,106 [INFO] IPUIPlugin:80 - create IPUIPlugin
2024-09-26 17:41:00,106 [INFO] PluginManager:220 - loadIPPluginJar : add adc
2024-09-26 17:41:00,110 [INFO] IPUIPlugin:80 - create IPUIPlugin
2024-09-26 17:41:00,110 [INFO] PluginManager:220 - loadIPPluginJar : add aes
2024-09-26 17:41:00,113 [INFO] IPUIPlugin:80 - create IPUIPlugin
2024-09-26 17:41:00,113 [INFO] PluginManager:220 - loadIPPluginJar : add can
2024-09-26 17:41:00,115 [INFO] IPUIPlugin:80 - create IPUIPlugin
2024-09-26 17:41:00,116 [INFO] PluginManager:220 - loadIPPluginJar : add comp
2024-09-26 17:41:00,119 [INFO] IPUIPlugin:80 - create IPUIPlugin
2024-09-26 17:41:00,119 [INFO] PluginManager:220 - loadIPPluginJar : add cryp
2024-09-26 17:41:00,122 [INFO] IPUIPlugin:80 - create IPUIPlugin
2024-09-26 17:41:00,122 [INFO] PluginManager:220 - loadIPPluginJar : add ddr_ctrl_phy
2024-09-26 17:41:00,126 [INFO] IPUIPlugin:80 - create IPUIPlugin
2024-09-26 17:41:00,127 [INFO] PluginManager:220 - loadIPPluginJar : add dfsdm
2024-09-26 17:41:00,132 [INFO] IPUIPlugin:80 - create IPUIPlugin
2024-09-26 17:41:00,132 [INFO] PluginManager:220 - loadIPPluginJar : add dma
2024-09-26 17:41:00,135 [INFO] IPUIPlugin:80 - create IPUIPlugin
2024-09-26 17:41:00,136 [INFO] PluginManager:220 - loadIPPluginJar : add dma3
2024-09-26 17:41:00,139 [INFO] IPUIPlugin:80 - create IPUIPlugin
2024-09-26 17:41:00,139 [INFO] PluginManager:220 - loadIPPluginJar : add extmemmanager
2024-09-26 17:41:00,141 [INFO] IPUIPlugin:80 - create IPUIPlugin
2024-09-26 17:41:00,141 [INFO] PluginManager:220 - loadIPPluginJar : add fatfs
2024-09-26 17:41:00,145 [INFO] IPUIPlugin:80 - create IPUIPlugin
2024-09-26 17:41:00,145 [INFO] PluginManager:220 - loadIPPluginJar : add fmc
2024-09-26 17:41:00,151 [INFO] IPUIPlugin:80 - create IPUIPlugin
2024-09-26 17:41:00,151 [INFO] PluginManager:220 - loadIPPluginJar : add freertos
2024-09-26 17:41:00,153 [INFO] IPUIPlugin:80 - create IPUIPlugin
2024-09-26 17:41:00,153 [INFO] PluginManager:220 - loadIPPluginJar : add genericplugin
2024-09-26 17:41:00,156 [INFO] IPUIPlugin:80 - create IPUIPlugin
2024-09-26 17:41:00,157 [INFO] PluginManager:220 - loadIPPluginJar : add gfxmmu
2024-09-26 17:41:00,161 [INFO] IPUIPlugin:80 - create IPUIPlugin
2024-09-26 17:41:00,162 [INFO] PluginManager:220 - loadIPPluginJar : add gic
2024-09-26 17:41:00,166 [INFO] IPUIPlugin:80 - create IPUIPlugin
2024-09-26 17:41:00,166 [INFO] PluginManager:220 - loadIPPluginJar : add gpio
2024-09-26 17:41:00,169 [INFO] IPUIPlugin:80 - create IPUIPlugin
2024-09-26 17:41:00,169 [INFO] PluginManager:220 - loadIPPluginJar : add gtzc
2024-09-26 17:41:00,172 [INFO] IPUIPlugin:80 - create IPUIPlugin
2024-09-26 17:41:00,172 [INFO] PluginManager:220 - loadIPPluginJar : add hash
2024-09-26 17:41:00,176 [INFO] IPUIPlugin:80 - create IPUIPlugin
2024-09-26 17:41:00,176 [INFO] PluginManager:220 - loadIPPluginJar : add i2c
2024-09-26 17:41:00,179 [INFO] IPUIPlugin:80 - create IPUIPlugin
2024-09-26 17:41:00,179 [INFO] PluginManager:220 - loadIPPluginJar : add i2s
2024-09-26 17:41:00,183 [INFO] IPUIPlugin:80 - create IPUIPlugin
2024-09-26 17:41:00,183 [INFO] PluginManager:220 - loadIPPluginJar : add i3c
2024-09-26 17:41:00,186 [INFO] IPUIPlugin:80 - create IPUIPlugin
2024-09-26 17:41:00,186 [INFO] PluginManager:220 - loadIPPluginJar : add ipddr
2024-09-26 17:41:00,193 [INFO] IPUIPlugin:80 - create IPUIPlugin
2024-09-26 17:41:00,193 [INFO] PluginManager:220 - loadIPPluginJar : add linkedlist
2024-09-26 17:41:00,197 [INFO] IPUIPlugin:80 - create IPUIPlugin
2024-09-26 17:41:00,197 [INFO] PluginManager:220 - loadIPPluginJar : add lorawan
2024-09-26 17:41:00,199 [INFO] IPUIPlugin:80 - create IPUIPlugin
2024-09-26 17:41:00,199 [INFO] PluginManager:220 - loadIPPluginJar : add ltdc
2024-09-26 17:41:00,204 [INFO] IPUIPlugin:80 - create IPUIPlugin
2024-09-26 17:41:00,204 [INFO] PluginManager:220 - loadIPPluginJar : add mdma
2024-09-26 17:41:00,208 [INFO] IPUIPlugin:80 - create IPUIPlugin
2024-09-26 17:41:00,209 [INFO] PluginManager:220 - loadIPPluginJar : add nvic
2024-09-26 17:41:00,212 [INFO] IPUIPlugin:80 - create IPUIPlugin
2024-09-26 17:41:00,212 [INFO] PluginManager:220 - loadIPPluginJar : add opamp
2024-09-26 17:41:00,216 [INFO] IPUIPlugin:80 - create IPUIPlugin
2024-09-26 17:41:00,216 [INFO] PluginManager:220 - loadIPPluginJar : add openamp
2024-09-26 17:41:00,220 [INFO] IPUIPlugin:80 - create IPUIPlugin
2024-09-26 17:41:00,221 [INFO] PluginManager:220 - loadIPPluginJar : add pdm2pcm
2024-09-26 17:41:00,226 [INFO] IPUIPlugin:80 - create IPUIPlugin
2024-09-26 17:41:00,228 [INFO] PluginManager:220 - loadIPPluginJar : add plateformsettings
2024-09-26 17:41:00,231 [INFO] IPUIPlugin:80 - create IPUIPlugin
2024-09-26 17:41:00,231 [INFO] PluginManager:220 - loadIPPluginJar : add quadspi
2024-09-26 17:41:00,233 [INFO] IPUIPlugin:80 - create IPUIPlugin
2024-09-26 17:41:00,235 [INFO] PluginManager:220 - loadIPPluginJar : add radio
2024-09-26 17:41:00,239 [INFO] IPUIPlugin:80 - create IPUIPlugin
2024-09-26 17:41:00,240 [INFO] PluginManager:220 - loadIPPluginJar : add resmgrutility
2024-09-26 17:41:00,243 [INFO] IPUIPlugin:80 - create IPUIPlugin
2024-09-26 17:41:00,244 [INFO] PluginManager:220 - loadIPPluginJar : add sai
2024-09-26 17:41:00,247 [INFO] IPUIPlugin:80 - create IPUIPlugin
2024-09-26 17:41:00,247 [INFO] PluginManager:220 - loadIPPluginJar : add spi
2024-09-26 17:41:00,253 [INFO] IPUIPlugin:80 - create IPUIPlugin
2024-09-26 17:41:00,253 [INFO] PluginManager:220 - loadIPPluginJar : add stm32_wpan
2024-09-26 17:41:00,256 [INFO] IPUIPlugin:80 - create IPUIPlugin
2024-09-26 17:41:00,256 [INFO] PluginManager:220 - loadIPPluginJar : add tim
2024-09-26 17:41:00,259 [INFO] IPUIPlugin:80 - create IPUIPlugin
2024-09-26 17:41:00,260 [INFO] PluginManager:220 - loadIPPluginJar : add touchsensing
2024-09-26 17:41:00,262 [INFO] IPUIPlugin:80 - create IPUIPlugin
2024-09-26 17:41:00,262 [INFO] PluginManager:220 - loadIPPluginJar : add tracer_emb
2024-09-26 17:41:00,265 [INFO] IPUIPlugin:80 - create IPUIPlugin
2024-09-26 17:41:00,265 [INFO] PluginManager:220 - loadIPPluginJar : add ts
2024-09-26 17:41:00,268 [INFO] IPUIPlugin:80 - create IPUIPlugin
2024-09-26 17:41:00,268 [INFO] PluginManager:220 - loadIPPluginJar : add tsc
2024-09-26 17:41:00,270 [INFO] IPUIPlugin:80 - create IPUIPlugin
2024-09-26 17:41:00,270 [INFO] PluginManager:220 - loadIPPluginJar : add ucpd
2024-09-26 17:41:00,274 [INFO] IPUIPlugin:80 - create IPUIPlugin
2024-09-26 17:41:00,274 [INFO] PluginManager:220 - loadIPPluginJar : add usart
2024-09-26 17:41:00,277 [INFO] IPUIPlugin:80 - create IPUIPlugin
2024-09-26 17:41:00,278 [INFO] PluginManager:220 - loadIPPluginJar : add usbx
2024-09-26 17:41:00,420 [INFO] CADModel:165 - CPN selected for project level
2024-09-26 17:41:00,420 [INFO] CADModel:114 - Register for checkConnection events
2024-09-26 17:41:00,420 [FATAL] Updater:334 - Updater called before beeing initialized
2024-09-26 17:41:00,420 [ERROR] CADModel:125 - Updater not yet initialized, retry later 
2024-09-26 17:41:00,571 [INFO] CADModel:165 - CPN selected for project level
2024-09-26 17:41:00,571 [INFO] CADModel:114 - Register for checkConnection events
2024-09-26 17:41:00,571 [FATAL] Updater:334 - Updater called before beeing initialized
2024-09-26 17:41:00,571 [ERROR] CADModel:125 - Updater not yet initialized, retry later 
2024-09-26 17:41:00,575 [FATAL] Updater:334 - Updater called before beeing initialized
2024-09-26 17:41:00,713 [FATAL] Updater:334 - Updater called before beeing initialized
2024-09-26 17:41:00,718 [INFO] DbMcusAds:53 - JSON generation date=Fri Sep 20 21:04:23 CST 2024 (1726837463113)
2024-09-26 17:41:00,718 [FATAL] Updater:334 - Updater called before beeing initialized
2024-09-26 17:41:00,761 [WARN] DetailPanel:346 - Failed to get advertising image, set to default
2024-09-26 17:41:00,882 [FATAL] Updater:334 - Updater called before beeing initialized
2024-09-26 17:41:00,883 [FATAL] Updater:334 - Updater called before beeing initialized
2024-09-26 17:41:00,884 [FATAL] Updater:334 - Updater called before beeing initialized
2024-09-26 17:41:00,884 [WARN] DetailPanel:346 - Failed to get advertising image, set to default
2024-09-26 17:41:00,885 [FATAL] Updater:334 - Updater called before beeing initialized
2024-09-26 17:41:00,951 [ERROR] Updater:1164 - MainUpdater not yet initialized. External WinMGr cannot be set.
2024-09-26 17:41:00,954 [INFO] Updater:1100 - Updater Version found : 6.12.0
2024-09-26 17:41:00,973 [INFO] ApplicationProperties:184 - Using Application install path: C:\ST\STM32CubeIDE_1.16.0\STM32CubeIDE\plugins\com.st.stm32cube.common.mx_6.12.0.202406281431
2024-09-26 17:41:02,311 [INFO] MainUpdater:2873 - connection check result : 10
2024-09-26 17:41:02,313 [INFO] MainUpdater:290 - Updater Check For Update Now.
2024-09-26 17:41:02,313 [INFO] MicroXplorer:498 - Change Database Version : DB.6.0.120
2024-09-26 17:41:02,323 [INFO] McuFinderGlobals:63 - Set McuFinder mode to 2 (CubeIDE integrated)
2024-09-26 17:41:02,325 [INFO] UserAuth:417 - Internet connection configuration mode: 1
2024-09-26 17:41:02,356 [INFO] JxBrowserEngine:152 - Initiate JxBrowser Engine with user profile folder
2024-09-26 17:41:02,455 [WARN] MainUpdater:1194 - Updater busy. Cannot search thirdparties
2024-09-26 17:41:02,455 [INFO] ThirdPartyUpdaterWithRetryManager:96 - Updater plugin is busy. [1/15]
2024-09-26 17:41:02,560 [INFO] CheckServerUpdateThread:120 - End of CheckServer Thread
2024-09-26 17:41:03,643 [INFO] WebApp:167 - Instantiating new browser for Auth
2024-09-26 17:41:04,908 [INFO] WebApp:448 - Apply proxy settings
2024-09-26 17:41:04,908 [INFO] WebApp:533 - Chromium requires no authentication
2024-09-26 17:41:04,918 [INFO] WebApp:476 - Direct internet connection detected
2024-09-26 17:41:04,950 [INFO] WebApp:869 - Register for checkConnection events
2024-09-26 17:41:04,950 [INFO] WebApp:448 - Apply proxy settings
2024-09-26 17:41:04,950 [INFO] WebApp:533 - Chromium requires no authentication
2024-09-26 17:41:04,951 [INFO] WebApp:476 - Direct internet connection detected
2024-09-26 17:41:05,189 [INFO] WebApp:220 - Starting web application
2024-09-26 17:41:05,189 [INFO] WebApp:578 - Web application path used C:\ST\STM32CubeIDE_1.16.0\STM32CubeIDE\plugins\com.st.stm32cube.common.mx_6.12.0.202406281431\db\plugins\mcufinder\reactClient1\index.html
2024-09-26 17:41:05,339 [INFO] UserAuth:417 - Internet connection configuration mode: 1
2024-09-26 17:41:05,842 [WARN] PackLoader:240 - Cannot read IP mode file for STMicroelectronics.FP-SNS-MOTENVWB1.1.4.0
2024-09-26 17:41:05,858 [WARN] PackLoader:240 - Cannot read IP mode file for STMicroelectronics.X-CUBE-SMBUS.2.1.0
2024-09-26 17:41:05,919 [WARN] PackLoader:240 - Cannot read IP mode file for STMicroelectronics.X-CUBE-AZRTOS-F7.1.1.0
2024-09-26 17:41:06,041 [WARN] PackLoader:240 - Cannot read IP mode file for STMicroelectronics.X-CUBE-MEMS1.11.0.0
2024-09-26 17:41:06,427 [WARN] PackLoader:240 - Cannot read IP mode file for STMicroelectronics.FP-SNS-FLIGHT1.5.0.2
2024-09-26 17:41:06,440 [WARN] PackLoader:240 - Cannot read IP mode file for STMicroelectronics.X-CUBE-DISPLAY.3.0.0
2024-09-26 17:41:06,454 [WARN] PackLoader:240 - Cannot read IP mode file for STMicroelectronics.X-CUBE-BLE1.7.0.0
2024-09-26 17:41:06,465 [WARN] PackLoader:240 - Cannot read IP mode file for emotas.I-CUBE-CANOPEN.1.3.0
2024-09-26 17:41:06,503 [WARN] PackLoader:240 - Cannot read IP mode file for STMicroelectronics.X-CUBE-BLEMGR.3.1.0
2024-09-26 17:41:06,516 [WARN] PackLoader:240 - Cannot read IP mode file for STMicroelectronics.FP-SNS-SMARTAG2.1.2.0
2024-09-26 17:41:06,531 [INFO] LogOutputStream:77 - [STDOUT_REDIRECT] 1 : Invalid condition id : UX_CORESTACK_Condition cause : null
2024-09-26 17:41:06,532 [INFO] LogOutputStream:77 - [STDOUT_REDIRECT] 1 : Invalid condition id : UX_CORESTACK_Condition cause : null
2024-09-26 17:41:06,534 [INFO] LogOutputStream:77 - [STDOUT_REDIRECT] 1 : Invalid condition id : UX_CORESTACK_Condition cause : null
2024-09-26 17:41:06,536 [INFO] LogOutputStream:77 - [STDOUT_REDIRECT] 1 : Invalid condition id : UX_CORESTACK_Condition cause : null
2024-09-26 17:41:06,538 [INFO] LogOutputStream:77 - [STDOUT_REDIRECT] 1 : Invalid condition id : UX_CORESTACK_Condition cause : null
2024-09-26 17:41:06,545 [WARN] PackLoader:240 - Cannot read IP mode file for STMicroelectronics.X-CUBE-AZRTOS-WL.2.0.0
2024-09-26 17:41:06,554 [WARN] PackLoader:240 - Cannot read IP mode file for STMicroelectronics.FP-SNS-MOTENV1.5.0.0
2024-09-26 17:41:06,566 [WARN] PackLoader:240 - Cannot read IP mode file for wolfSSL.I-CUBE-wolfMQTT.1.19.0
2024-09-26 17:41:06,575 [WARN] PackLoader:240 - Cannot read IP mode file for STMicroelectronics.X-CUBE-BLE2.3.3.0
2024-09-26 17:41:06,585 [WARN] PackLoader:240 - Cannot read IP mode file for STMicroelectronics.X-CUBE-TCPP.4.1.0
2024-09-26 17:41:06,618 [WARN] PackLoader:240 - Cannot read IP mode file for STMicroelectronics.X-CUBE-AZRTOS-G0.1.1.0
2024-09-26 17:41:06,631 [WARN] PackLoader:240 - Cannot read IP mode file for STMicroelectronics.X-CUBE-SAFEA1.1.2.2
2024-09-26 17:41:06,642 [WARN] PackLoader:240 - Cannot read IP mode file for STMicroelectronics.X-CUBE-NFC4.3.0.0
2024-09-26 17:41:06,658 [WARN] PackLoader:240 - Cannot read IP mode file for EmbeddedOffice.I-CUBE-FS-RTOS.1.0.1
2024-09-26 17:41:06,659 [ERROR] ConditionMgr:805 - Attr not supported : Dmpu
2024-09-26 17:41:06,659 [ERROR] ConditionMgr:805 - Attr not supported : Dmpu
2024-09-26 17:41:06,659 [ERROR] ConditionMgr:805 - Attr not supported : Dmpu
2024-09-26 17:41:06,659 [ERROR] ConditionMgr:805 - Attr not supported : Dmpu
2024-09-26 17:41:06,659 [ERROR] ConditionMgr:805 - Attr not supported : Dmpu
2024-09-26 17:41:06,659 [ERROR] ConditionMgr:805 - Attr not supported : Dmpu
2024-09-26 17:41:06,660 [ERROR] ConditionMgr:805 - Attr not supported : Dmpu
2024-09-26 17:41:06,661 [ERROR] ConditionMgr:805 - Attr not supported : Dmpu
2024-09-26 17:41:06,661 [ERROR] ConditionMgr:805 - Attr not supported : Dmpu
2024-09-26 17:41:06,661 [ERROR] ConditionMgr:805 - Attr not supported : Dmpu
2024-09-26 17:41:06,661 [ERROR] ConditionMgr:805 - Attr not supported : Dmpu
2024-09-26 17:41:06,662 [ERROR] ConditionMgr:805 - Attr not supported : Dmpu
2024-09-26 17:41:06,662 [ERROR] ConditionMgr:805 - Attr not supported : Dmpu
2024-09-26 17:41:06,662 [ERROR] ConditionMgr:805 - Attr not supported : Dmpu
2024-09-26 17:41:06,662 [ERROR] ConditionMgr:805 - Attr not supported : Dmpu
2024-09-26 17:41:06,662 [ERROR] ConditionMgr:805 - Attr not supported : Dmpu
2024-09-26 17:41:06,662 [ERROR] ConditionMgr:805 - Attr not supported : Dmpu
2024-09-26 17:41:06,662 [ERROR] ConditionMgr:805 - Attr not supported : Dmpu
2024-09-26 17:41:06,662 [ERROR] ConditionMgr:805 - Attr not supported : Dmpu
2024-09-26 17:41:06,662 [ERROR] ConditionMgr:805 - Attr not supported : Dmpu
2024-09-26 17:41:06,662 [ERROR] ConditionMgr:805 - Attr not supported : Dmpu
2024-09-26 17:41:06,663 [ERROR] ConditionMgr:805 - Attr not supported : Dmpu
2024-09-26 17:41:06,663 [ERROR] ConditionMgr:805 - Attr not supported : Dmpu
2024-09-26 17:41:06,663 [ERROR] ConditionMgr:805 - Attr not supported : Dmpu
2024-09-26 17:41:06,663 [ERROR] ConditionMgr:805 - Attr not supported : Dmpu
2024-09-26 17:41:06,663 [ERROR] ConditionMgr:805 - Attr not supported : Dmpu
2024-09-26 17:41:06,663 [ERROR] ConditionMgr:805 - Attr not supported : Dmpu
2024-09-26 17:41:06,663 [ERROR] ConditionMgr:805 - Attr not supported : Dmpu
2024-09-26 17:41:06,663 [ERROR] ConditionMgr:805 - Attr not supported : Dmpu
2024-09-26 17:41:06,663 [ERROR] ConditionMgr:805 - Attr not supported : Dmpu
2024-09-26 17:41:06,664 [ERROR] ConditionMgr:805 - Attr not supported : Dmpu
2024-09-26 17:41:06,664 [ERROR] ConditionMgr:805 - Attr not supported : Dmpu
2024-09-26 17:41:06,664 [ERROR] ConditionMgr:805 - Attr not supported : Dmpu
2024-09-26 17:41:06,664 [ERROR] ConditionMgr:805 - Attr not supported : Dmpu
2024-09-26 17:41:06,664 [ERROR] ConditionMgr:805 - Attr not supported : Dmpu
2024-09-26 17:41:06,664 [ERROR] ConditionMgr:805 - Attr not supported : Dmpu
2024-09-26 17:41:06,664 [ERROR] ConditionMgr:805 - Attr not supported : Dmpu
2024-09-26 17:41:06,664 [ERROR] ConditionMgr:805 - Attr not supported : Dmpu
2024-09-26 17:41:06,665 [ERROR] ConditionMgr:805 - Attr not supported : Dmpu
2024-09-26 17:41:06,665 [ERROR] ConditionMgr:805 - Attr not supported : Dmpu
2024-09-26 17:41:06,665 [ERROR] ConditionMgr:805 - Attr not supported : Dmpu
2024-09-26 17:41:06,665 [ERROR] ConditionMgr:805 - Attr not supported : Dmpu
2024-09-26 17:41:06,665 [ERROR] ConditionMgr:805 - Attr not supported : Dmpu
2024-09-26 17:41:06,665 [ERROR] ConditionMgr:805 - Attr not supported : Dmpu
2024-09-26 17:41:06,665 [ERROR] ConditionMgr:805 - Attr not supported : Dmpu
2024-09-26 17:41:06,665 [ERROR] ConditionMgr:805 - Attr not supported : Dmpu
2024-09-26 17:41:06,665 [ERROR] ConditionMgr:805 - Attr not supported : Dmpu
2024-09-26 17:41:06,666 [ERROR] ConditionMgr:805 - Attr not supported : Dmpu
2024-09-26 17:41:06,666 [ERROR] ConditionMgr:805 - Attr not supported : Dmpu
2024-09-26 17:41:06,666 [ERROR] ConditionMgr:805 - Attr not supported : Dmpu
2024-09-26 17:41:06,666 [ERROR] ConditionMgr:805 - Attr not supported : Dmpu
2024-09-26 17:41:06,666 [ERROR] ConditionMgr:805 - Attr not supported : Dmpu
2024-09-26 17:41:06,666 [ERROR] ConditionMgr:805 - Attr not supported : Dmpu
2024-09-26 17:41:06,666 [ERROR] ConditionMgr:805 - Attr not supported : Dmpu
2024-09-26 17:41:06,666 [ERROR] ConditionMgr:805 - Attr not supported : Dmpu
2024-09-26 17:41:06,666 [ERROR] ConditionMgr:805 - Attr not supported : Dmpu
2024-09-26 17:41:06,666 [ERROR] ConditionMgr:805 - Attr not supported : Dmpu
2024-09-26 17:41:06,667 [ERROR] ConditionMgr:805 - Attr not supported : Dmpu
2024-09-26 17:41:06,667 [ERROR] ConditionMgr:805 - Attr not supported : Dmpu
2024-09-26 17:41:06,667 [ERROR] ConditionMgr:805 - Attr not supported : Dmpu
2024-09-26 17:41:06,667 [ERROR] ConditionMgr:805 - Attr not supported : Dmpu
2024-09-26 17:41:06,667 [ERROR] ConditionMgr:805 - Attr not supported : Dmpu
2024-09-26 17:41:06,667 [ERROR] ConditionMgr:805 - Attr not supported : Dmpu
2024-09-26 17:41:06,667 [ERROR] ConditionMgr:805 - Attr not supported : Dmpu
2024-09-26 17:41:06,676 [WARN] PackLoader:240 - Cannot read IP mode file for RealThread.X-CUBE-RT-Thread_Nano.4.1.1
2024-09-26 17:41:06,690 [WARN] PackLoader:240 - Cannot read IP mode file for STMicroelectronics.FP-ATR-SIGFOX1.3.2.0
2024-09-26 17:41:06,697 [WARN] PackLoader:240 - Cannot read IP mode file for wolfSSL.I-CUBE-wolfSSL.5.7.2
2024-09-26 17:41:06,706 [WARN] PackLoader:240 - Cannot read IP mode file for STMicroelectronics.X-CUBE-EEPRMA1.5.1.0
2024-09-26 17:41:06,719 [WARN] PackLoader:240 - Cannot read IP mode file for ITTIA_DB.I-CUBE-ITTIADB.8.9.0
2024-09-26 17:41:06,772 [WARN] PackLoader:240 - Cannot read IP mode file for SEGGER.I-CUBE-embOS.1.3.1
2024-09-26 17:41:06,854 [WARN] PackLoader:240 - Cannot read IP mode file for STMicroelectronics.X-CUBE-ALGOBUILD.1.4.0
2024-09-26 17:41:06,863 [WARN] PackLoader:240 - Cannot read IP mode file for STMicroelectronics.X-CUBE-GNSS1.6.0.0
2024-09-26 17:41:06,891 [WARN] PackLoader:240 - Cannot read IP mode file for STMicroelectronics.X-CUBE-AZRTOS-F4.1.1.0
2024-09-26 17:41:06,904 [WARN] PackLoader:240 - Cannot read IP mode file for STMicroelectronics.X-CUBE-ISPU.2.1.0
2024-09-26 17:41:06,913 [WARN] PackLoader:240 - Cannot read IP mode file for STMicroelectronics.X-CUBE-FREERTOS.1.2.0
2024-09-26 17:41:06,950 [WARN] PackLoader:240 - Cannot read IP mode file for STMicroelectronics.X-CUBE-AZRTOS-L5.2.0.0
2024-09-26 17:41:06,966 [WARN] PackLoader:240 - Cannot read IP mode file for STMicroelectronics.X-CUBE-NFC6.3.1.0
2024-09-26 17:41:06,976 [WARN] PackLoader:240 - Cannot read IP mode file for STMicroelectronics.X-CUBE-DPower.1.2.0
2024-09-26 17:41:06,985 [WARN] PackLoader:240 - Cannot read IP mode file for STMicroelectronics.X-CUBE-AI.9.0.0
2024-09-26 17:41:06,993 [WARN] PackLoader:240 - Cannot read IP mode file for STMicroelectronics.X-CUBE-NFC7.1.0.1
2024-09-26 17:41:07,025 [WARN] ConditionMgr:438 - getConditionDescription Invalid condition id : LAN8742 Phy interface Condition cause : null
2024-09-26 17:41:07,026 [WARN] PackLoader:240 - Cannot read IP mode file for STMicroelectronics.X-CUBE-AZRTOS-L4.2.0.0
2024-09-26 17:41:07,028 [WARN] ConditionMgr:1039 - genDependencies : Invalid condition id : LAN8742 Phy interface Condition cause : null
2024-09-26 17:41:07,028 [WARN] ConditionMgr:1039 - genDependencies : Invalid condition id : LAN8742 Phy interface Condition cause : null
2024-09-26 17:41:07,030 [WARN] ConditionMgr:1039 - genDependencies : Invalid condition id : LAN8742 Phy interface Condition cause : null
2024-09-26 17:41:07,045 [WARN] PackLoader:240 - Cannot read IP mode file for STMicroelectronics.X-CUBE-SFXS2LP1.4.0.0
2024-09-26 17:41:07,117 [WARN] PackLoader:240 - Cannot read IP mode file for STMicroelectronics.X-CUBE-AZRTOS-H7.3.3.0
2024-09-26 17:41:07,174 [WARN] ConditionMgr:438 - getConditionDescription Invalid condition id : UX DEVICE CLASS RTOS Condition cause : null
2024-09-26 17:41:07,174 [WARN] ConditionMgr:438 - getConditionDescription Invalid condition id : UX DEVICE CLASS RTOS Condition cause : null
2024-09-26 17:41:07,178 [WARN] PackLoader:240 - Cannot read IP mode file for STMicroelectronics.X-CUBE-AZRTOS-WB.2.0.0
2024-09-26 17:41:07,179 [WARN] ConditionMgr:1039 - genDependencies : Invalid condition id : UX DEVICE CLASS RTOS Condition cause : null
2024-09-26 17:41:07,179 [WARN] ConditionMgr:1039 - genDependencies : Invalid condition id : UX DEVICE CLASS RTOS Condition cause : null
2024-09-26 17:41:07,179 [WARN] ConditionMgr:1039 - genDependencies : Invalid condition id : UX DEVICE CLASS RTOS Condition cause : null
2024-09-26 17:41:07,180 [WARN] ConditionMgr:1039 - genDependencies : Invalid condition id : UX DEVICE CLASS RTOS Condition cause : null
2024-09-26 17:41:07,180 [WARN] ConditionMgr:1039 - genDependencies : Invalid condition id : UX DEVICE CLASS RTOS Condition cause : null
2024-09-26 17:41:07,192 [WARN] PackLoader:240 - Cannot read IP mode file for STMicroelectronics.X-CUBE-GNSS1.7.0.0
2024-09-26 17:41:07,219 [WARN] PackLoader:240 - Cannot read IP mode file for STMicroelectronics.FP-SNS-STBOX1.2.0.0
2024-09-26 17:41:07,247 [WARN] PackLoader:240 - Cannot read IP mode file for STMicroelectronics.X-CUBE-SUBG2.5.0.0
2024-09-26 17:41:07,266 [WARN] PackLoader:240 - Cannot read IP mode file for Cesanta.I-CUBE-Mongoose.7.13.0
2024-09-26 17:41:07,340 [WARN] PackLoader:240 - Cannot read IP mode file for STMicroelectronics.X-CUBE-AZRTOS-G4.2.0.0
2024-09-26 17:41:07,365 [WARN] PackLoader:240 - Cannot read IP mode file for STMicroelectronics.X-CUBE-ISPU.2.0.0
2024-09-26 17:41:07,373 [WARN] PackLoader:240 - Cannot read IP mode file for STMicroelectronics.X-CUBE-ALS.1.0.2
2024-09-26 17:41:07,382 [WARN] PackLoader:240 - Cannot read IP mode file for STMicroelectronics.X-CUBE-TOUCHGFX.4.24.0
2024-09-26 17:41:07,387 [WARN] PackLoader:240 - Cannot read IP mode file for STMicroelectronics.X-CUBE-TOUCHGFX.4.24.1
2024-09-26 17:41:07,392 [WARN] PackLoader:240 - Cannot read IP mode file for wolfSSL.I-CUBE-wolfTPM.3.4.0
2024-09-26 17:41:07,403 [WARN] PackLoader:240 - Cannot read IP mode file for portGmbH.I-Cube-SoM-uGOAL.1.1.0
2024-09-26 17:41:07,446 [WARN] PackLoader:240 - Cannot read IP mode file for STMicroelectronics.X-CUBE-AZRTOS-H7RS.1.0.0
2024-09-26 17:41:07,457 [WARN] PackLoader:240 - Cannot read IP mode file for STMicroelectronics.FP-ATR-ASTRA1.2.0.0
2024-09-26 17:41:07,480 [WARN] PackLoader:240 - Cannot read IP mode file for STMicroelectronics.X-CUBE-TOF1.3.4.2
2024-09-26 17:41:07,519 [WARN] PackLoader:240 - Cannot read IP mode file for wolfSSL.I-CUBE-wolfSSH.1.4.17
2024-09-26 17:41:07,519 [INFO] ThirdParty:978 - Integrity check success = true
2024-09-26 17:41:07,519 [INFO] IntegrityCheckThread:100 - exiting critical section [integrity check]
2024-09-26 17:41:07,519 [INFO] IntegrityCheckThread:103 - End integrity checks thread
