2024-09-25 15:30:58,182 [INFO] Activator:176 - 


2024-09-25 15:30:58,185 [INFO] Activator:177 - !SESSION log4j initialized
2024-09-25 15:31:00,777 [INFO] LogOutputStream:77 - [STDOUT_REDIRECT] 
2024-09-25 15:31:11,073 [INFO] ApplicationProperties:184 - Using Application install path: C:\ST\STM32CubeIDE_1.16.0\STM32CubeIDE\plugins\com.st.stm32cube.common.mx_6.12.0.202406281431
2024-09-25 15:31:11,092 [INFO] DbMcusXml:78 - Set database path to: C:\ST\STM32CubeIDE_1.16.0\STM32CubeIDE\plugins\com.st.stm32cube.common.mx_6.12.0.202406281431\\db\/mcu/
2024-09-25 15:31:11,092 [INFO] ApiDb:274 - Set plugin database path to: C:\ST\STM32CubeIDE_1.16.0\STM32CubeIDE\plugins\com.st.stm32cube.common.mx_6.12.0.202406281431\\db\/plugins/boardmanager/
2024-09-25 15:31:11,093 [WARN] ApiDb:259 - Overriding images path with different value:  => C:\ST\STM32CubeIDE_1.16.0\STM32CubeIDE\plugins\com.st.stm32cube.common.mx_6.12.0.202406281431\\db\/plugins/mcufinder/images/
2024-09-25 15:31:11,099 [INFO] ApiDb:250 - Set database path to: C:\Users\wwd\.stmcufinder\plugins\mcufinder//mcu/
2024-09-25 15:31:11,100 [INFO] DbMcusAds:125 - Set database path to: C:\Users\wwd\.stmcufinder\plugins\mcufinder//mcu/
2024-09-25 15:31:11,103 [INFO] CrossReferenceDbSqlite:203 - Set database path to: C:\Users\wwd\.stmcufinder\plugins\mcufinder//mcu/cs/
2024-09-25 15:31:11,259 [INFO] RulesReader:64 - Compatibility file has been processed (297 Rules)
2024-09-25 15:31:11,363 [INFO] DbMcusXml:78 - Set database path to: C:\ST\STM32CubeIDE_1.16.0\STM32CubeIDE\plugins\com.st.stm32cube.common.mx_6.12.0.202406281431\\db\/mcu/
2024-09-25 15:31:11,363 [INFO] ApiDb:274 - Set plugin database path to: C:\ST\STM32CubeIDE_1.16.0\STM32CubeIDE\plugins\com.st.stm32cube.common.mx_6.12.0.202406281431\\db\/plugins/boardmanager/
2024-09-25 15:31:11,364 [INFO] ApiDb:261 - Set plugin images path to: C:\ST\STM32CubeIDE_1.16.0\STM32CubeIDE\plugins\com.st.stm32cube.common.mx_6.12.0.202406281431\\db\/plugins/mcufinder/images/
2024-09-25 15:31:11,364 [WARN] DbFile:41 - Overriding database path with different value: C:\Users\wwd\.stmcufinder\plugins\mcufinder/ => C:\Users\wwd\.stmcufinder\plugins\mcufinder
2024-09-25 15:31:11,364 [INFO] ApiDb:250 - Set database path to: C:\Users\wwd\.stmcufinder\plugins\mcufinder//mcu/
2024-09-25 15:31:11,364 [WARN] DbFile:41 - Overriding database path with different value: C:\Users\wwd\.stmcufinder\plugins\mcufinder/ => C:\Users\wwd\.stmcufinder\plugins\mcufinder
2024-09-25 15:31:11,364 [INFO] DbMcusAds:125 - Set database path to: C:\Users\wwd\.stmcufinder\plugins\mcufinder//mcu/
2024-09-25 15:31:11,364 [WARN] DbFile:41 - Overriding database path with different value: C:\Users\wwd\.stmcufinder\plugins\mcufinder/ => C:\Users\wwd\.stmcufinder\plugins\mcufinder
2024-09-25 15:31:11,364 [WARN] DbFile:41 - Overriding database path with different value: C:\Users\wwd\.stmcufinder\plugins\mcufinder/ => C:\Users\wwd\.stmcufinder\plugins\mcufinder
2024-09-25 15:31:11,411 [INFO] CrossReferenceDbSqlite:203 - Set database path to: C:\Users\wwd\.stmcufinder\plugins\mcufinder//mcu/cs/
2024-09-25 15:31:11,507 [INFO] MainPanel:268 - HeapMemory: 268435456
2024-09-25 15:31:11,596 [INFO] DbMcusXml:78 - Set database path to: C:\ST\STM32CubeIDE_1.16.0\STM32CubeIDE\plugins\com.st.stm32cube.common.mx_6.12.0.202406281431\\db\/mcu/
2024-09-25 15:31:11,597 [INFO] ApiDb:274 - Set plugin database path to: C:\ST\STM32CubeIDE_1.16.0\STM32CubeIDE\plugins\com.st.stm32cube.common.mx_6.12.0.202406281431\\db\/plugins/boardmanager/
2024-09-25 15:31:11,597 [INFO] ApiDb:261 - Set plugin images path to: C:\ST\STM32CubeIDE_1.16.0\STM32CubeIDE\plugins\com.st.stm32cube.common.mx_6.12.0.202406281431\\db\/plugins/mcufinder/images/
2024-09-25 15:31:11,597 [WARN] DbFile:41 - Overriding database path with different value: C:\Users\wwd\.stmcufinder\plugins\mcufinder/ => C:\Users\wwd\.stmcufinder\plugins\mcufinder
2024-09-25 15:31:11,597 [INFO] ApiDb:250 - Set database path to: C:\Users\wwd\.stmcufinder\plugins\mcufinder//mcu/
2024-09-25 15:31:11,597 [WARN] DbFile:41 - Overriding database path with different value: C:\Users\wwd\.stmcufinder\plugins\mcufinder/ => C:\Users\wwd\.stmcufinder\plugins\mcufinder
2024-09-25 15:31:11,597 [INFO] DbMcusAds:125 - Set database path to: C:\Users\wwd\.stmcufinder\plugins\mcufinder//mcu/
2024-09-25 15:31:11,598 [WARN] DbFile:41 - Overriding database path with different value: C:\Users\wwd\.stmcufinder\plugins\mcufinder/ => C:\Users\wwd\.stmcufinder\plugins\mcufinder
2024-09-25 15:31:11,598 [WARN] DbFile:41 - Overriding database path with different value: C:\Users\wwd\.stmcufinder\plugins\mcufinder/ => C:\Users\wwd\.stmcufinder\plugins\mcufinder
2024-09-25 15:31:11,598 [INFO] CrossReferenceDbSqlite:203 - Set database path to: C:\Users\wwd\.stmcufinder\plugins\mcufinder//mcu/cs/
2024-09-25 15:31:11,614 [INFO] ApplicationProperties:184 - Using Application install path: C:\ST\STM32CubeIDE_1.16.0\STM32CubeIDE\plugins\com.st.stm32cube.common.mx_6.12.0.202406281431
2024-09-25 15:31:11,616 [INFO] PluginManage:196 - Search for loadable plugins [exclusion list=, ]
2024-09-25 15:31:11,617 [INFO] PluginManage:310 - Check plugin analytics
2024-09-25 15:31:18,399 [INFO] AnalyticsPlugin:253 - Accepted Software Licenses: STM32CubeMX.6.12.0
2024-09-25 15:31:18,400 [INFO] AnalyticsPlugin:255 - Accepted CMSIS Pack Licenses: 
2024-09-25 15:31:18,400 [INFO] AnalyticsPlugin:257 - Accepted Firmware Licenses: FW.F4.1.28.0
2024-09-25 15:31:18,403 [INFO] PluginManage:359 - Loaded plugin analytics (category:tool,tabindex:-1)
2024-09-25 15:31:18,404 [INFO] PluginManage:310 - Check plugin cadmodel
2024-09-25 15:31:18,410 [INFO] CADModel:105 - Init CAD model plugin
2024-09-25 15:31:18,410 [INFO] PluginManage:359 - Loaded plugin cadmodel (category:power,tabindex:5)
2024-09-25 15:31:18,410 [INFO] PluginManage:310 - Check plugin clock
2024-09-25 15:31:18,421 [INFO] PluginManage:359 - Loaded plugin clock (category:base,tabindex:2)
2024-09-25 15:31:18,423 [INFO] PluginManage:310 - Check plugin ddr
2024-09-25 15:31:18,425 [INFO] PluginManage:359 - Loaded plugin ddr (category:tool,tabindex:6)
2024-09-25 15:31:18,426 [INFO] PluginManage:310 - Check plugin filemanager
2024-09-25 15:31:18,615 [INFO] PluginManage:359 - Loaded plugin filemanager (category:base,tabindex:10)
2024-09-25 15:31:18,616 [INFO] PluginManage:310 - Check plugin ipmanager
2024-09-25 15:31:18,625 [INFO] PluginManage:359 - Loaded plugin ipmanager (category:base,tabindex:5)
2024-09-25 15:31:18,626 [INFO] PluginManage:310 - Check plugin lpbam
2024-09-25 15:31:18,634 [INFO] PluginManage:359 - Loaded plugin lpbam (category:base,tabindex:0)
2024-09-25 15:31:18,634 [INFO] PluginManage:310 - Check plugin memorymap
2024-09-25 15:31:18,668 [INFO] PluginManage:359 - Loaded plugin memorymap (category:base,tabindex:4)
2024-09-25 15:31:18,668 [INFO] PluginManage:310 - Check plugin pinoutandconfiguration
2024-09-25 15:31:18,680 [INFO] PluginManage:359 - Loaded plugin pinoutandconfiguration (category:base,tabindex:1)
2024-09-25 15:31:18,680 [INFO] PluginManage:310 - Check plugin pinoutconfig
2024-09-25 15:31:18,822 [WARN] SupportedApi:132 - Cannot load RTOS API schema: s4s-elt-must-match.1: The content of 'definitions' must match (annotation?, (simpleType | complexType)?, (unique | key | keyref)*)). A problem was found starting at: attribute.
2024-09-25 15:31:18,992 [INFO] PluginManage:359 - Loaded plugin pinoutconfig (category:base,tabindex:0)
2024-09-25 15:31:18,993 [INFO] PluginManage:310 - Check plugin power
2024-09-25 15:31:19,004 [INFO] PluginManage:359 - Loaded plugin power (category:power,tabindex:4)
2024-09-25 15:31:19,004 [INFO] PluginManage:310 - Check plugin projectmanager
2024-09-25 15:31:19,028 [INFO] PluginManage:359 - Loaded plugin projectmanager (category:projectmanager,tabindex:4)
2024-09-25 15:31:19,029 [INFO] PluginManage:310 - Check plugin rif
2024-09-25 15:31:19,035 [INFO] PluginManage:359 - Loaded plugin rif (category:base,tabindex:3)
2024-09-25 15:31:19,036 [INFO] PluginManage:310 - Check plugin thirdparty
2024-09-25 15:31:19,177 [INFO] PluginManage:359 - Loaded plugin thirdparty (category:base,tabindex:-1)
2024-09-25 15:31:19,177 [WARN] IntegrityCheckThread:84 - waiting for thirdparty lock release [integrity check]
2024-09-25 15:31:19,179 [INFO] PluginManage:310 - Check plugin tools
2024-09-25 15:31:19,179 [INFO] IntegrityCheckThread:86 - entering critical section [integrity check]
2024-09-25 15:31:19,179 [INFO] ThirdPartyUpdaterWithRetryManager:70 - Updater plugin not ready yet. [1/15]
2024-09-25 15:31:19,181 [INFO] PluginManage:359 - Loaded plugin tools (category:base,tabindex:7)
2024-09-25 15:31:19,181 [INFO] PluginManage:310 - Check plugin tutovideos
2024-09-25 15:31:19,371 [INFO] PluginManage:359 - Loaded plugin tutovideos (category:base,tabindex:-1)
2024-09-25 15:31:19,371 [INFO] PluginManage:310 - Check plugin updater
2024-09-25 15:31:19,392 [INFO] PluginManage:359 - Loaded plugin updater (category:base,tabindex:12)
2024-09-25 15:31:19,392 [INFO] PluginManage:310 - Check plugin userauth
2024-09-25 15:31:19,398 [INFO] UserAuth:113 - Init User Auth plugin
2024-09-25 15:31:19,398 [INFO] PluginManage:359 - Loaded plugin userauth (category:base,tabindex:14)
2024-09-25 15:31:19,398 [INFO] PluginManage:283 - PluginManage : Loaded plugins [18]
2024-09-25 15:31:19,647 [INFO] PinOutPanel:1561 - setPackage(No Configuration,No Configuration)
2024-09-25 15:31:19,764 [INFO] CADModel:165 - CPN selected for project level
2024-09-25 15:31:19,764 [INFO] CADModel:114 - Register for checkConnection events
2024-09-25 15:31:19,782 [INFO] IPUIPlugin:80 - create IPUIPlugin
2024-09-25 15:31:19,782 [INFO] PluginManager:220 - loadIPPluginJar : add adc
2024-09-25 15:31:19,785 [INFO] IPUIPlugin:80 - create IPUIPlugin
2024-09-25 15:31:19,786 [INFO] PluginManager:220 - loadIPPluginJar : add aes
2024-09-25 15:31:19,789 [INFO] IPUIPlugin:80 - create IPUIPlugin
2024-09-25 15:31:19,790 [INFO] PluginManager:220 - loadIPPluginJar : add can
2024-09-25 15:31:19,792 [INFO] IPUIPlugin:80 - create IPUIPlugin
2024-09-25 15:31:19,792 [INFO] PluginManager:220 - loadIPPluginJar : add comp
2024-09-25 15:31:19,797 [INFO] IPUIPlugin:80 - create IPUIPlugin
2024-09-25 15:31:19,797 [INFO] PluginManager:220 - loadIPPluginJar : add cryp
2024-09-25 15:31:19,800 [INFO] IPUIPlugin:80 - create IPUIPlugin
2024-09-25 15:31:19,800 [INFO] PluginManager:220 - loadIPPluginJar : add ddr_ctrl_phy
2024-09-25 15:31:19,804 [INFO] IPUIPlugin:80 - create IPUIPlugin
2024-09-25 15:31:19,804 [INFO] PluginManager:220 - loadIPPluginJar : add dfsdm
2024-09-25 15:31:19,813 [INFO] IPUIPlugin:80 - create IPUIPlugin
2024-09-25 15:31:19,813 [INFO] PluginManager:220 - loadIPPluginJar : add dma
2024-09-25 15:31:19,817 [INFO] IPUIPlugin:80 - create IPUIPlugin
2024-09-25 15:31:19,817 [INFO] PluginManager:220 - loadIPPluginJar : add dma3
2024-09-25 15:31:19,822 [INFO] IPUIPlugin:80 - create IPUIPlugin
2024-09-25 15:31:19,822 [INFO] PluginManager:220 - loadIPPluginJar : add extmemmanager
2024-09-25 15:31:19,824 [INFO] IPUIPlugin:80 - create IPUIPlugin
2024-09-25 15:31:19,824 [INFO] PluginManager:220 - loadIPPluginJar : add fatfs
2024-09-25 15:31:19,829 [INFO] IPUIPlugin:80 - create IPUIPlugin
2024-09-25 15:31:19,829 [INFO] PluginManager:220 - loadIPPluginJar : add fmc
2024-09-25 15:31:19,834 [INFO] IPUIPlugin:80 - create IPUIPlugin
2024-09-25 15:31:19,834 [INFO] PluginManager:220 - loadIPPluginJar : add freertos
2024-09-25 15:31:19,836 [INFO] IPUIPlugin:80 - create IPUIPlugin
2024-09-25 15:31:19,836 [INFO] PluginManager:220 - loadIPPluginJar : add genericplugin
2024-09-25 15:31:19,839 [INFO] IPUIPlugin:80 - create IPUIPlugin
2024-09-25 15:31:19,839 [INFO] PluginManager:220 - loadIPPluginJar : add gfxmmu
2024-09-25 15:31:19,844 [INFO] IPUIPlugin:80 - create IPUIPlugin
2024-09-25 15:31:19,844 [INFO] PluginManager:220 - loadIPPluginJar : add gic
2024-09-25 15:31:19,849 [INFO] IPUIPlugin:80 - create IPUIPlugin
2024-09-25 15:31:19,849 [INFO] PluginManager:220 - loadIPPluginJar : add gpio
2024-09-25 15:31:19,852 [INFO] IPUIPlugin:80 - create IPUIPlugin
2024-09-25 15:31:19,852 [INFO] PluginManager:220 - loadIPPluginJar : add gtzc
2024-09-25 15:31:19,855 [INFO] IPUIPlugin:80 - create IPUIPlugin
2024-09-25 15:31:19,855 [INFO] PluginManager:220 - loadIPPluginJar : add hash
2024-09-25 15:31:19,858 [INFO] IPUIPlugin:80 - create IPUIPlugin
2024-09-25 15:31:19,858 [INFO] PluginManager:220 - loadIPPluginJar : add i2c
2024-09-25 15:31:19,862 [INFO] IPUIPlugin:80 - create IPUIPlugin
2024-09-25 15:31:19,862 [INFO] PluginManager:220 - loadIPPluginJar : add i2s
2024-09-25 15:31:19,867 [INFO] IPUIPlugin:80 - create IPUIPlugin
2024-09-25 15:31:19,867 [INFO] PluginManager:220 - loadIPPluginJar : add i3c
2024-09-25 15:31:19,870 [INFO] IPUIPlugin:80 - create IPUIPlugin
2024-09-25 15:31:19,870 [INFO] PluginManager:220 - loadIPPluginJar : add ipddr
2024-09-25 15:31:19,880 [INFO] IPUIPlugin:80 - create IPUIPlugin
2024-09-25 15:31:19,880 [INFO] PluginManager:220 - loadIPPluginJar : add linkedlist
2024-09-25 15:31:19,884 [INFO] IPUIPlugin:80 - create IPUIPlugin
2024-09-25 15:31:19,885 [INFO] PluginManager:220 - loadIPPluginJar : add lorawan
2024-09-25 15:31:19,886 [INFO] IPUIPlugin:80 - create IPUIPlugin
2024-09-25 15:31:19,886 [INFO] PluginManager:220 - loadIPPluginJar : add ltdc
2024-09-25 15:31:19,896 [INFO] IPUIPlugin:80 - create IPUIPlugin
2024-09-25 15:31:19,896 [INFO] PluginManager:220 - loadIPPluginJar : add mdma
2024-09-25 15:31:19,900 [INFO] IPUIPlugin:80 - create IPUIPlugin
2024-09-25 15:31:19,901 [INFO] PluginManager:220 - loadIPPluginJar : add nvic
2024-09-25 15:31:19,904 [INFO] IPUIPlugin:80 - create IPUIPlugin
2024-09-25 15:31:19,905 [INFO] PluginManager:220 - loadIPPluginJar : add opamp
2024-09-25 15:31:19,910 [INFO] IPUIPlugin:80 - create IPUIPlugin
2024-09-25 15:31:19,910 [INFO] PluginManager:220 - loadIPPluginJar : add openamp
2024-09-25 15:31:19,914 [INFO] IPUIPlugin:80 - create IPUIPlugin
2024-09-25 15:31:19,914 [INFO] PluginManager:220 - loadIPPluginJar : add pdm2pcm
2024-09-25 15:31:19,920 [INFO] IPUIPlugin:80 - create IPUIPlugin
2024-09-25 15:31:19,924 [INFO] PluginManager:220 - loadIPPluginJar : add plateformsettings
2024-09-25 15:31:19,927 [INFO] IPUIPlugin:80 - create IPUIPlugin
2024-09-25 15:31:19,927 [INFO] PluginManager:220 - loadIPPluginJar : add quadspi
2024-09-25 15:31:19,929 [INFO] IPUIPlugin:80 - create IPUIPlugin
2024-09-25 15:31:19,929 [INFO] PluginManager:220 - loadIPPluginJar : add radio
2024-09-25 15:31:19,933 [INFO] IPUIPlugin:80 - create IPUIPlugin
2024-09-25 15:31:19,933 [INFO] PluginManager:220 - loadIPPluginJar : add resmgrutility
2024-09-25 15:31:19,937 [INFO] IPUIPlugin:80 - create IPUIPlugin
2024-09-25 15:31:19,937 [INFO] PluginManager:220 - loadIPPluginJar : add sai
2024-09-25 15:31:19,941 [INFO] IPUIPlugin:80 - create IPUIPlugin
2024-09-25 15:31:19,943 [INFO] PluginManager:220 - loadIPPluginJar : add spi
2024-09-25 15:31:19,947 [INFO] IPUIPlugin:80 - create IPUIPlugin
2024-09-25 15:31:19,947 [INFO] PluginManager:220 - loadIPPluginJar : add stm32_wpan
2024-09-25 15:31:19,949 [INFO] IPUIPlugin:80 - create IPUIPlugin
2024-09-25 15:31:19,950 [INFO] PluginManager:220 - loadIPPluginJar : add tim
2024-09-25 15:31:19,953 [INFO] IPUIPlugin:80 - create IPUIPlugin
2024-09-25 15:31:19,953 [INFO] PluginManager:220 - loadIPPluginJar : add touchsensing
2024-09-25 15:31:19,957 [INFO] IPUIPlugin:80 - create IPUIPlugin
2024-09-25 15:31:19,957 [INFO] PluginManager:220 - loadIPPluginJar : add tracer_emb
2024-09-25 15:31:19,959 [INFO] IPUIPlugin:80 - create IPUIPlugin
2024-09-25 15:31:19,960 [INFO] PluginManager:220 - loadIPPluginJar : add ts
2024-09-25 15:31:19,962 [INFO] IPUIPlugin:80 - create IPUIPlugin
2024-09-25 15:31:19,962 [INFO] PluginManager:220 - loadIPPluginJar : add tsc
2024-09-25 15:31:19,965 [INFO] IPUIPlugin:80 - create IPUIPlugin
2024-09-25 15:31:19,965 [INFO] PluginManager:220 - loadIPPluginJar : add ucpd
2024-09-25 15:31:19,969 [INFO] IPUIPlugin:80 - create IPUIPlugin
2024-09-25 15:31:19,969 [INFO] PluginManager:220 - loadIPPluginJar : add usart
2024-09-25 15:31:19,973 [INFO] IPUIPlugin:80 - create IPUIPlugin
2024-09-25 15:31:19,973 [INFO] PluginManager:220 - loadIPPluginJar : add usbx
2024-09-25 15:31:20,118 [INFO] CADModel:165 - CPN selected for project level
2024-09-25 15:31:20,118 [INFO] CADModel:114 - Register for checkConnection events
2024-09-25 15:31:20,119 [FATAL] Updater:334 - Updater called before beeing initialized
2024-09-25 15:31:20,119 [ERROR] CADModel:125 - Updater not yet initialized, retry later 
2024-09-25 15:31:20,264 [INFO] CADModel:165 - CPN selected for project level
2024-09-25 15:31:20,264 [INFO] CADModel:114 - Register for checkConnection events
2024-09-25 15:31:20,264 [FATAL] Updater:334 - Updater called before beeing initialized
2024-09-25 15:31:20,264 [ERROR] CADModel:125 - Updater not yet initialized, retry later 
2024-09-25 15:31:20,268 [FATAL] Updater:334 - Updater called before beeing initialized
2024-09-25 15:31:20,412 [FATAL] Updater:334 - Updater called before beeing initialized
2024-09-25 15:31:20,416 [INFO] DbMcusAds:53 - JSON generation date=Fri Sep 20 21:04:23 CST 2024 (1726837463113)
2024-09-25 15:31:20,416 [FATAL] Updater:334 - Updater called before beeing initialized
2024-09-25 15:31:20,461 [WARN] DetailPanel:346 - Failed to get advertising image, set to default
2024-09-25 15:31:20,593 [FATAL] Updater:334 - Updater called before beeing initialized
2024-09-25 15:31:20,595 [FATAL] Updater:334 - Updater called before beeing initialized
2024-09-25 15:31:20,595 [FATAL] Updater:334 - Updater called before beeing initialized
2024-09-25 15:31:20,595 [WARN] DetailPanel:346 - Failed to get advertising image, set to default
2024-09-25 15:31:20,596 [FATAL] Updater:334 - Updater called before beeing initialized
2024-09-25 15:31:20,660 [ERROR] Updater:1164 - MainUpdater not yet initialized. External WinMGr cannot be set.
2024-09-25 15:31:20,662 [INFO] Updater:1100 - Updater Version found : 6.12.0
2024-09-25 15:31:20,683 [INFO] ApplicationProperties:184 - Using Application install path: C:\ST\STM32CubeIDE_1.16.0\STM32CubeIDE\plugins\com.st.stm32cube.common.mx_6.12.0.202406281431
2024-09-25 15:31:21,258 [INFO] MainUpdater:2873 - connection check result : 10
2024-09-25 15:31:21,259 [INFO] MainUpdater:290 - Updater Check For Update Now.
2024-09-25 15:31:21,260 [INFO] MicroXplorer:498 - Change Database Version : DB.6.0.120
2024-09-25 15:31:21,267 [INFO] McuFinderGlobals:63 - Set McuFinder mode to 2 (CubeIDE integrated)
2024-09-25 15:31:21,268 [INFO] UserAuth:417 - Internet connection configuration mode: 1
2024-09-25 15:31:21,292 [INFO] JxBrowserEngine:152 - Initiate JxBrowser Engine with user profile folder
2024-09-25 15:31:21,503 [INFO] CheckServerUpdateThread:120 - End of CheckServer Thread
2024-09-25 15:31:22,322 [INFO] WebApp:167 - Instantiating new browser for Auth
2024-09-25 15:31:22,648 [WARN] PackLoader:240 - Cannot read IP mode file for STMicroelectronics.FP-SNS-MOTENVWB1.1.4.0
2024-09-25 15:31:22,678 [WARN] PackLoader:240 - Cannot read IP mode file for STMicroelectronics.X-CUBE-SMBUS.2.1.0
2024-09-25 15:31:22,771 [WARN] PackLoader:240 - Cannot read IP mode file for STMicroelectronics.X-CUBE-AZRTOS-F7.1.1.0
2024-09-25 15:31:22,983 [WARN] PackLoader:240 - Cannot read IP mode file for STMicroelectronics.X-CUBE-MEMS1.11.0.0
2024-09-25 15:31:23,366 [WARN] PackLoader:240 - Cannot read IP mode file for STMicroelectronics.FP-SNS-FLIGHT1.5.0.2
2024-09-25 15:31:23,419 [WARN] PackLoader:240 - Cannot read IP mode file for STMicroelectronics.X-CUBE-DISPLAY.3.0.0
2024-09-25 15:31:23,454 [WARN] PackLoader:240 - Cannot read IP mode file for STMicroelectronics.X-CUBE-BLE1.7.0.0
2024-09-25 15:31:23,468 [WARN] PackLoader:240 - Cannot read IP mode file for emotas.I-CUBE-CANOPEN.1.3.0
2024-09-25 15:31:23,546 [WARN] PackLoader:240 - Cannot read IP mode file for STMicroelectronics.X-CUBE-BLEMGR.3.1.0
2024-09-25 15:31:23,585 [WARN] PackLoader:240 - Cannot read IP mode file for STMicroelectronics.FP-SNS-SMARTAG2.1.2.0
2024-09-25 15:31:23,663 [INFO] LogOutputStream:77 - [STDOUT_REDIRECT] 1 : Invalid condition id : UX_CORESTACK_Condition cause : null
2024-09-25 15:31:23,663 [INFO] LogOutputStream:77 - [STDOUT_REDIRECT] 1 : Invalid condition id : UX_CORESTACK_Condition cause : null
2024-09-25 15:31:23,666 [INFO] LogOutputStream:77 - [STDOUT_REDIRECT] 1 : Invalid condition id : UX_CORESTACK_Condition cause : null
2024-09-25 15:31:23,669 [INFO] LogOutputStream:77 - [STDOUT_REDIRECT] 1 : Invalid condition id : UX_CORESTACK_Condition cause : null
2024-09-25 15:31:23,672 [INFO] LogOutputStream:77 - [STDOUT_REDIRECT] 1 : Invalid condition id : UX_CORESTACK_Condition cause : null
2024-09-25 15:31:23,677 [WARN] PackLoader:240 - Cannot read IP mode file for STMicroelectronics.X-CUBE-AZRTOS-WL.2.0.0
2024-09-25 15:31:23,686 [WARN] PackLoader:240 - Cannot read IP mode file for STMicroelectronics.FP-SNS-MOTENV1.5.0.0
2024-09-25 15:31:23,696 [WARN] PackLoader:240 - Cannot read IP mode file for wolfSSL.I-CUBE-wolfMQTT.1.19.0
2024-09-25 15:31:23,704 [WARN] PackLoader:240 - Cannot read IP mode file for STMicroelectronics.X-CUBE-BLE2.3.3.0
2024-09-25 15:31:23,713 [WARN] PackLoader:240 - Cannot read IP mode file for STMicroelectronics.X-CUBE-TCPP.4.1.0
2024-09-25 15:31:23,737 [WARN] PackLoader:240 - Cannot read IP mode file for STMicroelectronics.X-CUBE-AZRTOS-G0.1.1.0
2024-09-25 15:31:23,752 [WARN] PackLoader:240 - Cannot read IP mode file for STMicroelectronics.X-CUBE-SAFEA1.1.2.2
2024-09-25 15:31:23,767 [WARN] PackLoader:240 - Cannot read IP mode file for STMicroelectronics.X-CUBE-NFC4.3.0.0
2024-09-25 15:31:23,790 [WARN] PackLoader:240 - Cannot read IP mode file for EmbeddedOffice.I-CUBE-FS-RTOS.1.0.1
2024-09-25 15:31:23,791 [ERROR] ConditionMgr:805 - Attr not supported : Dmpu
2024-09-25 15:31:23,791 [ERROR] ConditionMgr:805 - Attr not supported : Dmpu
2024-09-25 15:31:23,791 [ERROR] ConditionMgr:805 - Attr not supported : Dmpu
2024-09-25 15:31:23,791 [ERROR] ConditionMgr:805 - Attr not supported : Dmpu
2024-09-25 15:31:23,791 [ERROR] ConditionMgr:805 - Attr not supported : Dmpu
2024-09-25 15:31:23,791 [ERROR] ConditionMgr:805 - Attr not supported : Dmpu
2024-09-25 15:31:23,791 [ERROR] ConditionMgr:805 - Attr not supported : Dmpu
2024-09-25 15:31:23,792 [ERROR] ConditionMgr:805 - Attr not supported : Dmpu
2024-09-25 15:31:23,792 [ERROR] ConditionMgr:805 - Attr not supported : Dmpu
2024-09-25 15:31:23,792 [ERROR] ConditionMgr:805 - Attr not supported : Dmpu
2024-09-25 15:31:23,792 [ERROR] ConditionMgr:805 - Attr not supported : Dmpu
2024-09-25 15:31:23,792 [ERROR] ConditionMgr:805 - Attr not supported : Dmpu
2024-09-25 15:31:23,792 [ERROR] ConditionMgr:805 - Attr not supported : Dmpu
2024-09-25 15:31:23,792 [ERROR] ConditionMgr:805 - Attr not supported : Dmpu
2024-09-25 15:31:23,792 [ERROR] ConditionMgr:805 - Attr not supported : Dmpu
2024-09-25 15:31:23,792 [ERROR] ConditionMgr:805 - Attr not supported : Dmpu
2024-09-25 15:31:23,792 [ERROR] ConditionMgr:805 - Attr not supported : Dmpu
2024-09-25 15:31:23,792 [ERROR] ConditionMgr:805 - Attr not supported : Dmpu
2024-09-25 15:31:23,792 [ERROR] ConditionMgr:805 - Attr not supported : Dmpu
2024-09-25 15:31:23,793 [ERROR] ConditionMgr:805 - Attr not supported : Dmpu
2024-09-25 15:31:23,793 [ERROR] ConditionMgr:805 - Attr not supported : Dmpu
2024-09-25 15:31:23,793 [ERROR] ConditionMgr:805 - Attr not supported : Dmpu
2024-09-25 15:31:23,793 [ERROR] ConditionMgr:805 - Attr not supported : Dmpu
2024-09-25 15:31:23,793 [ERROR] ConditionMgr:805 - Attr not supported : Dmpu
2024-09-25 15:31:23,793 [ERROR] ConditionMgr:805 - Attr not supported : Dmpu
2024-09-25 15:31:23,793 [ERROR] ConditionMgr:805 - Attr not supported : Dmpu
2024-09-25 15:31:23,793 [ERROR] ConditionMgr:805 - Attr not supported : Dmpu
2024-09-25 15:31:23,793 [ERROR] ConditionMgr:805 - Attr not supported : Dmpu
2024-09-25 15:31:23,793 [ERROR] ConditionMgr:805 - Attr not supported : Dmpu
2024-09-25 15:31:23,793 [ERROR] ConditionMgr:805 - Attr not supported : Dmpu
2024-09-25 15:31:23,794 [ERROR] ConditionMgr:805 - Attr not supported : Dmpu
2024-09-25 15:31:23,794 [ERROR] ConditionMgr:805 - Attr not supported : Dmpu
2024-09-25 15:31:23,794 [ERROR] ConditionMgr:805 - Attr not supported : Dmpu
2024-09-25 15:31:23,794 [ERROR] ConditionMgr:805 - Attr not supported : Dmpu
2024-09-25 15:31:23,794 [ERROR] ConditionMgr:805 - Attr not supported : Dmpu
2024-09-25 15:31:23,794 [ERROR] ConditionMgr:805 - Attr not supported : Dmpu
2024-09-25 15:31:23,794 [ERROR] ConditionMgr:805 - Attr not supported : Dmpu
2024-09-25 15:31:23,795 [ERROR] ConditionMgr:805 - Attr not supported : Dmpu
2024-09-25 15:31:23,795 [ERROR] ConditionMgr:805 - Attr not supported : Dmpu
2024-09-25 15:31:23,795 [ERROR] ConditionMgr:805 - Attr not supported : Dmpu
2024-09-25 15:31:23,795 [ERROR] ConditionMgr:805 - Attr not supported : Dmpu
2024-09-25 15:31:23,795 [ERROR] ConditionMgr:805 - Attr not supported : Dmpu
2024-09-25 15:31:23,795 [ERROR] ConditionMgr:805 - Attr not supported : Dmpu
2024-09-25 15:31:23,795 [ERROR] ConditionMgr:805 - Attr not supported : Dmpu
2024-09-25 15:31:23,795 [ERROR] ConditionMgr:805 - Attr not supported : Dmpu
2024-09-25 15:31:23,795 [ERROR] ConditionMgr:805 - Attr not supported : Dmpu
2024-09-25 15:31:23,795 [ERROR] ConditionMgr:805 - Attr not supported : Dmpu
2024-09-25 15:31:23,795 [ERROR] ConditionMgr:805 - Attr not supported : Dmpu
2024-09-25 15:31:23,796 [ERROR] ConditionMgr:805 - Attr not supported : Dmpu
2024-09-25 15:31:23,796 [ERROR] ConditionMgr:805 - Attr not supported : Dmpu
2024-09-25 15:31:23,796 [ERROR] ConditionMgr:805 - Attr not supported : Dmpu
2024-09-25 15:31:23,796 [ERROR] ConditionMgr:805 - Attr not supported : Dmpu
2024-09-25 15:31:23,796 [ERROR] ConditionMgr:805 - Attr not supported : Dmpu
2024-09-25 15:31:23,796 [ERROR] ConditionMgr:805 - Attr not supported : Dmpu
2024-09-25 15:31:23,796 [ERROR] ConditionMgr:805 - Attr not supported : Dmpu
2024-09-25 15:31:23,796 [ERROR] ConditionMgr:805 - Attr not supported : Dmpu
2024-09-25 15:31:23,796 [ERROR] ConditionMgr:805 - Attr not supported : Dmpu
2024-09-25 15:31:23,797 [ERROR] ConditionMgr:805 - Attr not supported : Dmpu
2024-09-25 15:31:23,797 [ERROR] ConditionMgr:805 - Attr not supported : Dmpu
2024-09-25 15:31:23,797 [ERROR] ConditionMgr:805 - Attr not supported : Dmpu
2024-09-25 15:31:23,797 [ERROR] ConditionMgr:805 - Attr not supported : Dmpu
2024-09-25 15:31:23,797 [ERROR] ConditionMgr:805 - Attr not supported : Dmpu
2024-09-25 15:31:23,797 [ERROR] ConditionMgr:805 - Attr not supported : Dmpu
2024-09-25 15:31:23,797 [ERROR] ConditionMgr:805 - Attr not supported : Dmpu
2024-09-25 15:31:23,811 [WARN] PackLoader:240 - Cannot read IP mode file for RealThread.X-CUBE-RT-Thread_Nano.4.1.1
2024-09-25 15:31:23,821 [WARN] PackLoader:240 - Cannot read IP mode file for STMicroelectronics.FP-ATR-SIGFOX1.3.2.0
2024-09-25 15:31:23,844 [WARN] PackLoader:240 - Cannot read IP mode file for wolfSSL.I-CUBE-wolfSSL.5.7.2
2024-09-25 15:31:23,898 [WARN] PackLoader:240 - Cannot read IP mode file for STMicroelectronics.X-CUBE-EEPRMA1.5.1.0
2024-09-25 15:31:23,919 [WARN] PackLoader:240 - Cannot read IP mode file for ITTIA_DB.I-CUBE-ITTIADB.8.9.0
2024-09-25 15:31:24,037 [WARN] PackLoader:240 - Cannot read IP mode file for SEGGER.I-CUBE-embOS.1.3.1
2024-09-25 15:31:24,108 [WARN] PackLoader:240 - Cannot read IP mode file for STMicroelectronics.X-CUBE-ALGOBUILD.1.4.0
2024-09-25 15:31:24,117 [WARN] PackLoader:240 - Cannot read IP mode file for STMicroelectronics.X-CUBE-GNSS1.6.0.0
2024-09-25 15:31:24,143 [INFO] WebApp:448 - Apply proxy settings
2024-09-25 15:31:24,143 [WARN] PackLoader:240 - Cannot read IP mode file for STMicroelectronics.X-CUBE-AZRTOS-F4.1.1.0
2024-09-25 15:31:24,145 [INFO] WebApp:533 - Chromium requires no authentication
2024-09-25 15:31:24,153 [WARN] PackLoader:240 - Cannot read IP mode file for STMicroelectronics.X-CUBE-ISPU.2.1.0
2024-09-25 15:31:24,159 [INFO] WebApp:476 - Direct internet connection detected
2024-09-25 15:31:24,161 [WARN] PackLoader:240 - Cannot read IP mode file for STMicroelectronics.X-CUBE-FREERTOS.1.2.0
2024-09-25 15:31:24,185 [WARN] PackLoader:240 - Cannot read IP mode file for STMicroelectronics.X-CUBE-AZRTOS-L5.2.0.0
2024-09-25 15:31:24,200 [INFO] WebApp:869 - Register for checkConnection events
2024-09-25 15:31:24,200 [INFO] WebApp:448 - Apply proxy settings
2024-09-25 15:31:24,200 [INFO] WebApp:533 - Chromium requires no authentication
2024-09-25 15:31:24,207 [INFO] WebApp:476 - Direct internet connection detected
2024-09-25 15:31:24,212 [WARN] PackLoader:240 - Cannot read IP mode file for STMicroelectronics.X-CUBE-NFC6.3.1.0
2024-09-25 15:31:24,229 [WARN] PackLoader:240 - Cannot read IP mode file for STMicroelectronics.X-CUBE-DPower.1.2.0
2024-09-25 15:31:24,252 [WARN] PackLoader:240 - Cannot read IP mode file for STMicroelectronics.X-CUBE-AI.9.0.0
2024-09-25 15:31:24,267 [WARN] PackLoader:240 - Cannot read IP mode file for STMicroelectronics.X-CUBE-NFC7.1.0.1
2024-09-25 15:31:24,307 [WARN] ConditionMgr:438 - getConditionDescription Invalid condition id : LAN8742 Phy interface Condition cause : null
2024-09-25 15:31:24,308 [WARN] PackLoader:240 - Cannot read IP mode file for STMicroelectronics.X-CUBE-AZRTOS-L4.2.0.0
2024-09-25 15:31:24,310 [WARN] ConditionMgr:1039 - genDependencies : Invalid condition id : LAN8742 Phy interface Condition cause : null
2024-09-25 15:31:24,310 [WARN] ConditionMgr:1039 - genDependencies : Invalid condition id : LAN8742 Phy interface Condition cause : null
2024-09-25 15:31:24,311 [WARN] ConditionMgr:1039 - genDependencies : Invalid condition id : LAN8742 Phy interface Condition cause : null
2024-09-25 15:31:24,328 [WARN] PackLoader:240 - Cannot read IP mode file for STMicroelectronics.X-CUBE-SFXS2LP1.4.0.0
2024-09-25 15:31:24,365 [WARN] PackLoader:240 - Cannot read IP mode file for STMicroelectronics.X-CUBE-AZRTOS-H7.3.3.0
2024-09-25 15:31:24,391 [WARN] ConditionMgr:438 - getConditionDescription Invalid condition id : UX DEVICE CLASS RTOS Condition cause : null
2024-09-25 15:31:24,392 [WARN] ConditionMgr:438 - getConditionDescription Invalid condition id : UX DEVICE CLASS RTOS Condition cause : null
2024-09-25 15:31:24,396 [WARN] PackLoader:240 - Cannot read IP mode file for STMicroelectronics.X-CUBE-AZRTOS-WB.2.0.0
2024-09-25 15:31:24,398 [WARN] ConditionMgr:1039 - genDependencies : Invalid condition id : UX DEVICE CLASS RTOS Condition cause : null
2024-09-25 15:31:24,398 [WARN] ConditionMgr:1039 - genDependencies : Invalid condition id : UX DEVICE CLASS RTOS Condition cause : null
2024-09-25 15:31:24,399 [WARN] ConditionMgr:1039 - genDependencies : Invalid condition id : UX DEVICE CLASS RTOS Condition cause : null
2024-09-25 15:31:24,399 [WARN] ConditionMgr:1039 - genDependencies : Invalid condition id : UX DEVICE CLASS RTOS Condition cause : null
2024-09-25 15:31:24,399 [WARN] ConditionMgr:1039 - genDependencies : Invalid condition id : UX DEVICE CLASS RTOS Condition cause : null
2024-09-25 15:31:24,410 [WARN] PackLoader:240 - Cannot read IP mode file for STMicroelectronics.X-CUBE-GNSS1.7.0.0
2024-09-25 15:31:24,420 [WARN] PackLoader:240 - Cannot read IP mode file for STMicroelectronics.FP-SNS-STBOX1.2.0.0
2024-09-25 15:31:24,441 [WARN] PackLoader:240 - Cannot read IP mode file for STMicroelectronics.X-CUBE-SUBG2.5.0.0
2024-09-25 15:31:24,463 [WARN] PackLoader:240 - Cannot read IP mode file for Cesanta.I-CUBE-Mongoose.7.13.0
2024-09-25 15:31:24,496 [WARN] PackLoader:240 - Cannot read IP mode file for STMicroelectronics.X-CUBE-AZRTOS-G4.2.0.0
2024-09-25 15:31:24,504 [WARN] PackLoader:240 - Cannot read IP mode file for STMicroelectronics.X-CUBE-ISPU.2.0.0
2024-09-25 15:31:24,514 [WARN] PackLoader:240 - Cannot read IP mode file for STMicroelectronics.X-CUBE-ALS.1.0.2
2024-09-25 15:31:24,523 [WARN] PackLoader:240 - Cannot read IP mode file for STMicroelectronics.X-CUBE-TOUCHGFX.4.24.0
2024-09-25 15:31:24,527 [WARN] PackLoader:240 - Cannot read IP mode file for STMicroelectronics.X-CUBE-TOUCHGFX.4.24.1
2024-09-25 15:31:24,533 [WARN] PackLoader:240 - Cannot read IP mode file for wolfSSL.I-CUBE-wolfTPM.3.4.0
2024-09-25 15:31:24,551 [WARN] PackLoader:240 - Cannot read IP mode file for portGmbH.I-Cube-SoM-uGOAL.1.1.0
2024-09-25 15:31:24,581 [WARN] PackLoader:240 - Cannot read IP mode file for STMicroelectronics.X-CUBE-AZRTOS-H7RS.1.0.0
2024-09-25 15:31:24,592 [WARN] PackLoader:240 - Cannot read IP mode file for STMicroelectronics.FP-ATR-ASTRA1.2.0.0
2024-09-25 15:31:24,608 [WARN] PackLoader:240 - Cannot read IP mode file for STMicroelectronics.X-CUBE-TOF1.3.4.2
2024-09-25 15:31:24,630 [WARN] PackLoader:240 - Cannot read IP mode file for wolfSSL.I-CUBE-wolfSSH.1.4.17
2024-09-25 15:31:24,631 [INFO] ThirdParty:978 - Integrity check success = true
2024-09-25 15:31:24,631 [INFO] IntegrityCheckThread:100 - exiting critical section [integrity check]
2024-09-25 15:31:24,631 [INFO] IntegrityCheckThread:103 - End integrity checks thread
2024-09-25 15:31:24,636 [INFO] WebApp:220 - Starting web application
2024-09-25 15:31:24,636 [INFO] WebApp:578 - Web application path used C:\ST\STM32CubeIDE_1.16.0\STM32CubeIDE\plugins\com.st.stm32cube.common.mx_6.12.0.202406281431\db\plugins\mcufinder\reactClient1\index.html
2024-09-25 15:31:24,781 [INFO] UserAuth:417 - Internet connection configuration mode: 1
2024-09-25 15:47:15,516 [ERROR] LogOutputStream:75 - [STDERR_REDIRECT] 
2024-09-25 16:40:50,508 [INFO] Activator:176 - 


2024-09-25 16:40:50,512 [INFO] Activator:177 - !SESSION log4j initialized
2024-09-25 16:40:57,057 [INFO] LogOutputStream:77 - [STDOUT_REDIRECT] 
2024-09-25 16:41:05,333 [INFO] ApplicationProperties:184 - Using Application install path: C:\ST\STM32CubeIDE_1.16.0\STM32CubeIDE\plugins\com.st.stm32cube.common.mx_6.12.0.202406281431
2024-09-25 16:41:05,355 [INFO] DbMcusXml:78 - Set database path to: C:\ST\STM32CubeIDE_1.16.0\STM32CubeIDE\plugins\com.st.stm32cube.common.mx_6.12.0.202406281431\\db\/mcu/
2024-09-25 16:41:05,355 [INFO] ApiDb:274 - Set plugin database path to: C:\ST\STM32CubeIDE_1.16.0\STM32CubeIDE\plugins\com.st.stm32cube.common.mx_6.12.0.202406281431\\db\/plugins/boardmanager/
2024-09-25 16:41:05,355 [WARN] ApiDb:259 - Overriding images path with different value:  => C:\ST\STM32CubeIDE_1.16.0\STM32CubeIDE\plugins\com.st.stm32cube.common.mx_6.12.0.202406281431\\db\/plugins/mcufinder/images/
2024-09-25 16:41:05,364 [INFO] ApiDb:250 - Set database path to: C:\Users\wwd\.stmcufinder\plugins\mcufinder//mcu/
2024-09-25 16:41:05,365 [INFO] DbMcusAds:125 - Set database path to: C:\Users\wwd\.stmcufinder\plugins\mcufinder//mcu/
2024-09-25 16:41:05,368 [INFO] CrossReferenceDbSqlite:203 - Set database path to: C:\Users\wwd\.stmcufinder\plugins\mcufinder//mcu/cs/
2024-09-25 16:41:05,503 [INFO] RulesReader:64 - Compatibility file has been processed (297 Rules)
2024-09-25 16:41:05,603 [INFO] DbMcusXml:78 - Set database path to: C:\ST\STM32CubeIDE_1.16.0\STM32CubeIDE\plugins\com.st.stm32cube.common.mx_6.12.0.202406281431\\db\/mcu/
2024-09-25 16:41:05,603 [INFO] ApiDb:274 - Set plugin database path to: C:\ST\STM32CubeIDE_1.16.0\STM32CubeIDE\plugins\com.st.stm32cube.common.mx_6.12.0.202406281431\\db\/plugins/boardmanager/
2024-09-25 16:41:05,603 [INFO] ApiDb:261 - Set plugin images path to: C:\ST\STM32CubeIDE_1.16.0\STM32CubeIDE\plugins\com.st.stm32cube.common.mx_6.12.0.202406281431\\db\/plugins/mcufinder/images/
2024-09-25 16:41:05,603 [WARN] DbFile:41 - Overriding database path with different value: C:\Users\wwd\.stmcufinder\plugins\mcufinder/ => C:\Users\wwd\.stmcufinder\plugins\mcufinder
2024-09-25 16:41:05,603 [INFO] ApiDb:250 - Set database path to: C:\Users\wwd\.stmcufinder\plugins\mcufinder//mcu/
2024-09-25 16:41:05,603 [WARN] DbFile:41 - Overriding database path with different value: C:\Users\wwd\.stmcufinder\plugins\mcufinder/ => C:\Users\wwd\.stmcufinder\plugins\mcufinder
2024-09-25 16:41:05,603 [INFO] DbMcusAds:125 - Set database path to: C:\Users\wwd\.stmcufinder\plugins\mcufinder//mcu/
2024-09-25 16:41:05,604 [WARN] DbFile:41 - Overriding database path with different value: C:\Users\wwd\.stmcufinder\plugins\mcufinder/ => C:\Users\wwd\.stmcufinder\plugins\mcufinder
2024-09-25 16:41:05,604 [WARN] DbFile:41 - Overriding database path with different value: C:\Users\wwd\.stmcufinder\plugins\mcufinder/ => C:\Users\wwd\.stmcufinder\plugins\mcufinder
2024-09-25 16:41:05,604 [INFO] CrossReferenceDbSqlite:203 - Set database path to: C:\Users\wwd\.stmcufinder\plugins\mcufinder//mcu/cs/
2024-09-25 16:41:05,685 [INFO] MainPanel:268 - HeapMemory: 268435456
2024-09-25 16:41:05,784 [INFO] DbMcusXml:78 - Set database path to: C:\ST\STM32CubeIDE_1.16.0\STM32CubeIDE\plugins\com.st.stm32cube.common.mx_6.12.0.202406281431\\db\/mcu/
2024-09-25 16:41:05,784 [INFO] ApiDb:274 - Set plugin database path to: C:\ST\STM32CubeIDE_1.16.0\STM32CubeIDE\plugins\com.st.stm32cube.common.mx_6.12.0.202406281431\\db\/plugins/boardmanager/
2024-09-25 16:41:05,784 [INFO] ApiDb:261 - Set plugin images path to: C:\ST\STM32CubeIDE_1.16.0\STM32CubeIDE\plugins\com.st.stm32cube.common.mx_6.12.0.202406281431\\db\/plugins/mcufinder/images/
2024-09-25 16:41:05,785 [WARN] DbFile:41 - Overriding database path with different value: C:\Users\wwd\.stmcufinder\plugins\mcufinder/ => C:\Users\wwd\.stmcufinder\plugins\mcufinder
2024-09-25 16:41:05,785 [INFO] ApiDb:250 - Set database path to: C:\Users\wwd\.stmcufinder\plugins\mcufinder//mcu/
2024-09-25 16:41:05,785 [WARN] DbFile:41 - Overriding database path with different value: C:\Users\wwd\.stmcufinder\plugins\mcufinder/ => C:\Users\wwd\.stmcufinder\plugins\mcufinder
2024-09-25 16:41:05,785 [INFO] DbMcusAds:125 - Set database path to: C:\Users\wwd\.stmcufinder\plugins\mcufinder//mcu/
2024-09-25 16:41:05,785 [WARN] DbFile:41 - Overriding database path with different value: C:\Users\wwd\.stmcufinder\plugins\mcufinder/ => C:\Users\wwd\.stmcufinder\plugins\mcufinder
2024-09-25 16:41:05,785 [WARN] DbFile:41 - Overriding database path with different value: C:\Users\wwd\.stmcufinder\plugins\mcufinder/ => C:\Users\wwd\.stmcufinder\plugins\mcufinder
2024-09-25 16:41:05,785 [INFO] CrossReferenceDbSqlite:203 - Set database path to: C:\Users\wwd\.stmcufinder\plugins\mcufinder//mcu/cs/
2024-09-25 16:41:05,805 [INFO] ApplicationProperties:184 - Using Application install path: C:\ST\STM32CubeIDE_1.16.0\STM32CubeIDE\plugins\com.st.stm32cube.common.mx_6.12.0.202406281431
2024-09-25 16:41:05,806 [INFO] PluginManage:196 - Search for loadable plugins [exclusion list=, ]
2024-09-25 16:41:05,807 [INFO] PluginManage:310 - Check plugin analytics
2024-09-25 16:41:12,560 [INFO] AnalyticsPlugin:253 - Accepted Software Licenses: STM32CubeMX.6.12.0
2024-09-25 16:41:12,561 [INFO] AnalyticsPlugin:255 - Accepted CMSIS Pack Licenses: 
2024-09-25 16:41:12,561 [INFO] AnalyticsPlugin:257 - Accepted Firmware Licenses: FW.F4.1.28.0
2024-09-25 16:41:12,565 [INFO] PluginManage:359 - Loaded plugin analytics (category:tool,tabindex:-1)
2024-09-25 16:41:12,565 [INFO] PluginManage:310 - Check plugin cadmodel
2024-09-25 16:41:12,571 [INFO] CADModel:105 - Init CAD model plugin
2024-09-25 16:41:12,571 [INFO] PluginManage:359 - Loaded plugin cadmodel (category:power,tabindex:5)
2024-09-25 16:41:12,571 [INFO] PluginManage:310 - Check plugin clock
2024-09-25 16:41:12,582 [INFO] PluginManage:359 - Loaded plugin clock (category:base,tabindex:2)
2024-09-25 16:41:12,584 [INFO] PluginManage:310 - Check plugin ddr
2024-09-25 16:41:12,585 [INFO] PluginManage:359 - Loaded plugin ddr (category:tool,tabindex:6)
2024-09-25 16:41:12,586 [INFO] PluginManage:310 - Check plugin filemanager
2024-09-25 16:41:12,733 [INFO] PluginManage:359 - Loaded plugin filemanager (category:base,tabindex:10)
2024-09-25 16:41:12,733 [INFO] PluginManage:310 - Check plugin ipmanager
2024-09-25 16:41:12,741 [INFO] PluginManage:359 - Loaded plugin ipmanager (category:base,tabindex:5)
2024-09-25 16:41:12,742 [INFO] PluginManage:310 - Check plugin lpbam
2024-09-25 16:41:12,751 [INFO] PluginManage:359 - Loaded plugin lpbam (category:base,tabindex:0)
2024-09-25 16:41:12,751 [INFO] PluginManage:310 - Check plugin memorymap
2024-09-25 16:41:12,764 [INFO] PluginManage:359 - Loaded plugin memorymap (category:base,tabindex:4)
2024-09-25 16:41:12,764 [INFO] PluginManage:310 - Check plugin pinoutandconfiguration
2024-09-25 16:41:12,772 [INFO] PluginManage:359 - Loaded plugin pinoutandconfiguration (category:base,tabindex:1)
2024-09-25 16:41:12,773 [INFO] PluginManage:310 - Check plugin pinoutconfig
2024-09-25 16:41:12,866 [WARN] SupportedApi:132 - Cannot load RTOS API schema: s4s-elt-must-match.1: The content of 'definitions' must match (annotation?, (simpleType | complexType)?, (unique | key | keyref)*)). A problem was found starting at: attribute.
2024-09-25 16:41:13,009 [INFO] PluginManage:359 - Loaded plugin pinoutconfig (category:base,tabindex:0)
2024-09-25 16:41:13,009 [INFO] PluginManage:310 - Check plugin power
2024-09-25 16:41:13,022 [INFO] PluginManage:359 - Loaded plugin power (category:power,tabindex:4)
2024-09-25 16:41:13,022 [INFO] PluginManage:310 - Check plugin projectmanager
2024-09-25 16:41:13,045 [INFO] PluginManage:359 - Loaded plugin projectmanager (category:projectmanager,tabindex:4)
2024-09-25 16:41:13,046 [INFO] PluginManage:310 - Check plugin rif
2024-09-25 16:41:13,052 [INFO] PluginManage:359 - Loaded plugin rif (category:base,tabindex:3)
2024-09-25 16:41:13,052 [INFO] PluginManage:310 - Check plugin thirdparty
2024-09-25 16:41:13,180 [INFO] PluginManage:359 - Loaded plugin thirdparty (category:base,tabindex:-1)
2024-09-25 16:41:13,180 [INFO] PluginManage:310 - Check plugin tools
2024-09-25 16:41:13,180 [WARN] IntegrityCheckThread:84 - waiting for thirdparty lock release [integrity check]
2024-09-25 16:41:13,181 [INFO] IntegrityCheckThread:86 - entering critical section [integrity check]
2024-09-25 16:41:13,181 [INFO] ThirdPartyUpdaterWithRetryManager:70 - Updater plugin not ready yet. [1/15]
2024-09-25 16:41:13,183 [INFO] PluginManage:359 - Loaded plugin tools (category:base,tabindex:7)
2024-09-25 16:41:13,183 [INFO] PluginManage:310 - Check plugin tutovideos
2024-09-25 16:41:13,370 [INFO] PluginManage:359 - Loaded plugin tutovideos (category:base,tabindex:-1)
2024-09-25 16:41:13,370 [INFO] PluginManage:310 - Check plugin updater
2024-09-25 16:41:13,392 [INFO] PluginManage:359 - Loaded plugin updater (category:base,tabindex:12)
2024-09-25 16:41:13,392 [INFO] PluginManage:310 - Check plugin userauth
2024-09-25 16:41:13,399 [INFO] UserAuth:113 - Init User Auth plugin
2024-09-25 16:41:13,400 [INFO] PluginManage:359 - Loaded plugin userauth (category:base,tabindex:14)
2024-09-25 16:41:13,400 [INFO] PluginManage:283 - PluginManage : Loaded plugins [18]
2024-09-25 16:41:13,636 [INFO] PinOutPanel:1561 - setPackage(No Configuration,No Configuration)
2024-09-25 16:41:13,733 [INFO] CADModel:165 - CPN selected for project level
2024-09-25 16:41:13,734 [INFO] CADModel:114 - Register for checkConnection events
2024-09-25 16:41:13,752 [INFO] IPUIPlugin:80 - create IPUIPlugin
2024-09-25 16:41:13,753 [INFO] PluginManager:220 - loadIPPluginJar : add adc
2024-09-25 16:41:13,756 [INFO] IPUIPlugin:80 - create IPUIPlugin
2024-09-25 16:41:13,756 [INFO] PluginManager:220 - loadIPPluginJar : add aes
2024-09-25 16:41:13,759 [INFO] IPUIPlugin:80 - create IPUIPlugin
2024-09-25 16:41:13,759 [INFO] PluginManager:220 - loadIPPluginJar : add can
2024-09-25 16:41:13,762 [INFO] IPUIPlugin:80 - create IPUIPlugin
2024-09-25 16:41:13,762 [INFO] PluginManager:220 - loadIPPluginJar : add comp
2024-09-25 16:41:13,767 [INFO] IPUIPlugin:80 - create IPUIPlugin
2024-09-25 16:41:13,767 [INFO] PluginManager:220 - loadIPPluginJar : add cryp
2024-09-25 16:41:13,770 [INFO] IPUIPlugin:80 - create IPUIPlugin
2024-09-25 16:41:13,770 [INFO] PluginManager:220 - loadIPPluginJar : add ddr_ctrl_phy
2024-09-25 16:41:13,774 [INFO] IPUIPlugin:80 - create IPUIPlugin
2024-09-25 16:41:13,774 [INFO] PluginManager:220 - loadIPPluginJar : add dfsdm
2024-09-25 16:41:13,782 [INFO] IPUIPlugin:80 - create IPUIPlugin
2024-09-25 16:41:13,782 [INFO] PluginManager:220 - loadIPPluginJar : add dma
2024-09-25 16:41:13,785 [INFO] IPUIPlugin:80 - create IPUIPlugin
2024-09-25 16:41:13,785 [INFO] PluginManager:220 - loadIPPluginJar : add dma3
2024-09-25 16:41:13,788 [INFO] IPUIPlugin:80 - create IPUIPlugin
2024-09-25 16:41:13,788 [INFO] PluginManager:220 - loadIPPluginJar : add extmemmanager
2024-09-25 16:41:13,790 [INFO] IPUIPlugin:80 - create IPUIPlugin
2024-09-25 16:41:13,790 [INFO] PluginManager:220 - loadIPPluginJar : add fatfs
2024-09-25 16:41:13,795 [INFO] IPUIPlugin:80 - create IPUIPlugin
2024-09-25 16:41:13,795 [INFO] PluginManager:220 - loadIPPluginJar : add fmc
2024-09-25 16:41:13,799 [INFO] IPUIPlugin:80 - create IPUIPlugin
2024-09-25 16:41:13,800 [INFO] PluginManager:220 - loadIPPluginJar : add freertos
2024-09-25 16:41:13,801 [INFO] IPUIPlugin:80 - create IPUIPlugin
2024-09-25 16:41:13,801 [INFO] PluginManager:220 - loadIPPluginJar : add genericplugin
2024-09-25 16:41:13,803 [INFO] IPUIPlugin:80 - create IPUIPlugin
2024-09-25 16:41:13,803 [INFO] PluginManager:220 - loadIPPluginJar : add gfxmmu
2024-09-25 16:41:13,808 [INFO] IPUIPlugin:80 - create IPUIPlugin
2024-09-25 16:41:13,808 [INFO] PluginManager:220 - loadIPPluginJar : add gic
2024-09-25 16:41:13,813 [INFO] IPUIPlugin:80 - create IPUIPlugin
2024-09-25 16:41:13,813 [INFO] PluginManager:220 - loadIPPluginJar : add gpio
2024-09-25 16:41:13,816 [INFO] IPUIPlugin:80 - create IPUIPlugin
2024-09-25 16:41:13,816 [INFO] PluginManager:220 - loadIPPluginJar : add gtzc
2024-09-25 16:41:13,818 [INFO] IPUIPlugin:80 - create IPUIPlugin
2024-09-25 16:41:13,818 [INFO] PluginManager:220 - loadIPPluginJar : add hash
2024-09-25 16:41:13,821 [INFO] IPUIPlugin:80 - create IPUIPlugin
2024-09-25 16:41:13,821 [INFO] PluginManager:220 - loadIPPluginJar : add i2c
2024-09-25 16:41:13,824 [INFO] IPUIPlugin:80 - create IPUIPlugin
2024-09-25 16:41:13,824 [INFO] PluginManager:220 - loadIPPluginJar : add i2s
2024-09-25 16:41:13,827 [INFO] IPUIPlugin:80 - create IPUIPlugin
2024-09-25 16:41:13,827 [INFO] PluginManager:220 - loadIPPluginJar : add i3c
2024-09-25 16:41:13,831 [INFO] IPUIPlugin:80 - create IPUIPlugin
2024-09-25 16:41:13,832 [INFO] PluginManager:220 - loadIPPluginJar : add ipddr
2024-09-25 16:41:13,838 [INFO] IPUIPlugin:80 - create IPUIPlugin
2024-09-25 16:41:13,838 [INFO] PluginManager:220 - loadIPPluginJar : add linkedlist
2024-09-25 16:41:13,843 [INFO] IPUIPlugin:80 - create IPUIPlugin
2024-09-25 16:41:13,843 [INFO] PluginManager:220 - loadIPPluginJar : add lorawan
2024-09-25 16:41:13,846 [INFO] IPUIPlugin:80 - create IPUIPlugin
2024-09-25 16:41:13,846 [INFO] PluginManager:220 - loadIPPluginJar : add ltdc
2024-09-25 16:41:13,853 [INFO] IPUIPlugin:80 - create IPUIPlugin
2024-09-25 16:41:13,854 [INFO] PluginManager:220 - loadIPPluginJar : add mdma
2024-09-25 16:41:13,857 [INFO] IPUIPlugin:80 - create IPUIPlugin
2024-09-25 16:41:13,857 [INFO] PluginManager:220 - loadIPPluginJar : add nvic
2024-09-25 16:41:13,860 [INFO] IPUIPlugin:80 - create IPUIPlugin
2024-09-25 16:41:13,861 [INFO] PluginManager:220 - loadIPPluginJar : add opamp
2024-09-25 16:41:13,865 [INFO] IPUIPlugin:80 - create IPUIPlugin
2024-09-25 16:41:13,865 [INFO] PluginManager:220 - loadIPPluginJar : add openamp
2024-09-25 16:41:13,869 [INFO] IPUIPlugin:80 - create IPUIPlugin
2024-09-25 16:41:13,869 [INFO] PluginManager:220 - loadIPPluginJar : add pdm2pcm
2024-09-25 16:41:13,876 [INFO] IPUIPlugin:80 - create IPUIPlugin
2024-09-25 16:41:13,880 [INFO] PluginManager:220 - loadIPPluginJar : add plateformsettings
2024-09-25 16:41:13,882 [INFO] IPUIPlugin:80 - create IPUIPlugin
2024-09-25 16:41:13,882 [INFO] PluginManager:220 - loadIPPluginJar : add quadspi
2024-09-25 16:41:13,884 [INFO] IPUIPlugin:80 - create IPUIPlugin
2024-09-25 16:41:13,885 [INFO] PluginManager:220 - loadIPPluginJar : add radio
2024-09-25 16:41:13,888 [INFO] IPUIPlugin:80 - create IPUIPlugin
2024-09-25 16:41:13,888 [INFO] PluginManager:220 - loadIPPluginJar : add resmgrutility
2024-09-25 16:41:13,892 [INFO] IPUIPlugin:80 - create IPUIPlugin
2024-09-25 16:41:13,892 [INFO] PluginManager:220 - loadIPPluginJar : add sai
2024-09-25 16:41:13,895 [INFO] IPUIPlugin:80 - create IPUIPlugin
2024-09-25 16:41:13,895 [INFO] PluginManager:220 - loadIPPluginJar : add spi
2024-09-25 16:41:13,902 [INFO] IPUIPlugin:80 - create IPUIPlugin
2024-09-25 16:41:13,902 [INFO] PluginManager:220 - loadIPPluginJar : add stm32_wpan
2024-09-25 16:41:13,905 [INFO] IPUIPlugin:80 - create IPUIPlugin
2024-09-25 16:41:13,905 [INFO] PluginManager:220 - loadIPPluginJar : add tim
2024-09-25 16:41:13,910 [INFO] IPUIPlugin:80 - create IPUIPlugin
2024-09-25 16:41:13,911 [INFO] PluginManager:220 - loadIPPluginJar : add touchsensing
2024-09-25 16:41:13,915 [INFO] IPUIPlugin:80 - create IPUIPlugin
2024-09-25 16:41:13,915 [INFO] PluginManager:220 - loadIPPluginJar : add tracer_emb
2024-09-25 16:41:13,917 [INFO] IPUIPlugin:80 - create IPUIPlugin
2024-09-25 16:41:13,917 [INFO] PluginManager:220 - loadIPPluginJar : add ts
2024-09-25 16:41:13,919 [INFO] IPUIPlugin:80 - create IPUIPlugin
2024-09-25 16:41:13,919 [INFO] PluginManager:220 - loadIPPluginJar : add tsc
2024-09-25 16:41:13,922 [INFO] IPUIPlugin:80 - create IPUIPlugin
2024-09-25 16:41:13,922 [INFO] PluginManager:220 - loadIPPluginJar : add ucpd
2024-09-25 16:41:13,925 [INFO] IPUIPlugin:80 - create IPUIPlugin
2024-09-25 16:41:13,925 [INFO] PluginManager:220 - loadIPPluginJar : add usart
2024-09-25 16:41:13,930 [INFO] IPUIPlugin:80 - create IPUIPlugin
2024-09-25 16:41:13,930 [INFO] PluginManager:220 - loadIPPluginJar : add usbx
2024-09-25 16:41:14,063 [INFO] CADModel:165 - CPN selected for project level
2024-09-25 16:41:14,063 [INFO] CADModel:114 - Register for checkConnection events
2024-09-25 16:41:14,063 [FATAL] Updater:334 - Updater called before beeing initialized
2024-09-25 16:41:14,063 [ERROR] CADModel:125 - Updater not yet initialized, retry later 
2024-09-25 16:41:14,213 [INFO] CADModel:165 - CPN selected for project level
2024-09-25 16:41:14,213 [INFO] CADModel:114 - Register for checkConnection events
2024-09-25 16:41:14,214 [FATAL] Updater:334 - Updater called before beeing initialized
2024-09-25 16:41:14,214 [ERROR] CADModel:125 - Updater not yet initialized, retry later 
2024-09-25 16:41:14,216 [FATAL] Updater:334 - Updater called before beeing initialized
2024-09-25 16:41:14,385 [FATAL] Updater:334 - Updater called before beeing initialized
2024-09-25 16:41:14,390 [INFO] DbMcusAds:53 - JSON generation date=Fri Sep 20 21:04:23 CST 2024 (1726837463113)
2024-09-25 16:41:14,390 [FATAL] Updater:334 - Updater called before beeing initialized
2024-09-25 16:41:14,434 [WARN] DetailPanel:346 - Failed to get advertising image, set to default
2024-09-25 16:41:14,551 [FATAL] Updater:334 - Updater called before beeing initialized
2024-09-25 16:41:14,553 [FATAL] Updater:334 - Updater called before beeing initialized
2024-09-25 16:41:14,553 [FATAL] Updater:334 - Updater called before beeing initialized
2024-09-25 16:41:14,553 [WARN] DetailPanel:346 - Failed to get advertising image, set to default
2024-09-25 16:41:14,554 [FATAL] Updater:334 - Updater called before beeing initialized
2024-09-25 16:41:14,615 [ERROR] Updater:1164 - MainUpdater not yet initialized. External WinMGr cannot be set.
2024-09-25 16:41:14,617 [INFO] Updater:1100 - Updater Version found : 6.12.0
2024-09-25 16:41:14,636 [INFO] ApplicationProperties:184 - Using Application install path: C:\ST\STM32CubeIDE_1.16.0\STM32CubeIDE\plugins\com.st.stm32cube.common.mx_6.12.0.202406281431
2024-09-25 16:41:15,171 [INFO] MainUpdater:2873 - connection check result : 10
2024-09-25 16:41:15,172 [INFO] MainUpdater:290 - Updater Check For Update Now.
2024-09-25 16:41:15,172 [INFO] MicroXplorer:498 - Change Database Version : DB.6.0.120
2024-09-25 16:41:15,179 [INFO] McuFinderGlobals:63 - Set McuFinder mode to 2 (CubeIDE integrated)
2024-09-25 16:41:15,180 [INFO] UserAuth:417 - Internet connection configuration mode: 1
2024-09-25 16:41:15,202 [INFO] JxBrowserEngine:152 - Initiate JxBrowser Engine with user profile folder
2024-09-25 16:41:15,409 [INFO] CheckServerUpdateThread:120 - End of CheckServer Thread
2024-09-25 16:41:16,259 [INFO] WebApp:167 - Instantiating new browser for Auth
2024-09-25 16:41:16,634 [WARN] PackLoader:240 - Cannot read IP mode file for STMicroelectronics.FP-SNS-MOTENVWB1.1.4.0
2024-09-25 16:41:16,649 [WARN] PackLoader:240 - Cannot read IP mode file for STMicroelectronics.X-CUBE-SMBUS.2.1.0
2024-09-25 16:41:16,697 [WARN] PackLoader:240 - Cannot read IP mode file for STMicroelectronics.X-CUBE-AZRTOS-F7.1.1.0
2024-09-25 16:41:16,862 [WARN] PackLoader:240 - Cannot read IP mode file for STMicroelectronics.X-CUBE-MEMS1.11.0.0
2024-09-25 16:41:17,155 [WARN] PackLoader:240 - Cannot read IP mode file for STMicroelectronics.FP-SNS-FLIGHT1.5.0.2
2024-09-25 16:41:17,167 [WARN] PackLoader:240 - Cannot read IP mode file for STMicroelectronics.X-CUBE-DISPLAY.3.0.0
2024-09-25 16:41:17,179 [WARN] PackLoader:240 - Cannot read IP mode file for STMicroelectronics.X-CUBE-BLE1.7.0.0
2024-09-25 16:41:17,188 [WARN] PackLoader:240 - Cannot read IP mode file for emotas.I-CUBE-CANOPEN.1.3.0
2024-09-25 16:41:17,202 [WARN] PackLoader:240 - Cannot read IP mode file for STMicroelectronics.X-CUBE-BLEMGR.3.1.0
2024-09-25 16:41:17,230 [WARN] PackLoader:240 - Cannot read IP mode file for STMicroelectronics.FP-SNS-SMARTAG2.1.2.0
2024-09-25 16:41:17,244 [INFO] LogOutputStream:77 - [STDOUT_REDIRECT] 1 : Invalid condition id : UX_CORESTACK_Condition cause : null
2024-09-25 16:41:17,245 [INFO] LogOutputStream:77 - [STDOUT_REDIRECT] 1 : Invalid condition id : UX_CORESTACK_Condition cause : null
2024-09-25 16:41:17,247 [INFO] LogOutputStream:77 - [STDOUT_REDIRECT] 1 : Invalid condition id : UX_CORESTACK_Condition cause : null
2024-09-25 16:41:17,250 [INFO] LogOutputStream:77 - [STDOUT_REDIRECT] 1 : Invalid condition id : UX_CORESTACK_Condition cause : null
2024-09-25 16:41:17,252 [INFO] LogOutputStream:77 - [STDOUT_REDIRECT] 1 : Invalid condition id : UX_CORESTACK_Condition cause : null
2024-09-25 16:41:17,256 [WARN] PackLoader:240 - Cannot read IP mode file for STMicroelectronics.X-CUBE-AZRTOS-WL.2.0.0
2024-09-25 16:41:17,264 [WARN] PackLoader:240 - Cannot read IP mode file for STMicroelectronics.FP-SNS-MOTENV1.5.0.0
2024-09-25 16:41:17,275 [WARN] PackLoader:240 - Cannot read IP mode file for wolfSSL.I-CUBE-wolfMQTT.1.19.0
2024-09-25 16:41:17,282 [WARN] PackLoader:240 - Cannot read IP mode file for STMicroelectronics.X-CUBE-BLE2.3.3.0
2024-09-25 16:41:17,290 [WARN] PackLoader:240 - Cannot read IP mode file for STMicroelectronics.X-CUBE-TCPP.4.1.0
2024-09-25 16:41:17,320 [WARN] PackLoader:240 - Cannot read IP mode file for STMicroelectronics.X-CUBE-AZRTOS-G0.1.1.0
2024-09-25 16:41:17,333 [WARN] PackLoader:240 - Cannot read IP mode file for STMicroelectronics.X-CUBE-SAFEA1.1.2.2
2024-09-25 16:41:17,359 [WARN] PackLoader:240 - Cannot read IP mode file for STMicroelectronics.X-CUBE-NFC4.3.0.0
2024-09-25 16:41:17,372 [WARN] PackLoader:240 - Cannot read IP mode file for EmbeddedOffice.I-CUBE-FS-RTOS.1.0.1
2024-09-25 16:41:17,373 [ERROR] ConditionMgr:805 - Attr not supported : Dmpu
2024-09-25 16:41:17,373 [ERROR] ConditionMgr:805 - Attr not supported : Dmpu
2024-09-25 16:41:17,373 [ERROR] ConditionMgr:805 - Attr not supported : Dmpu
2024-09-25 16:41:17,373 [ERROR] ConditionMgr:805 - Attr not supported : Dmpu
2024-09-25 16:41:17,373 [ERROR] ConditionMgr:805 - Attr not supported : Dmpu
2024-09-25 16:41:17,373 [ERROR] ConditionMgr:805 - Attr not supported : Dmpu
2024-09-25 16:41:17,374 [ERROR] ConditionMgr:805 - Attr not supported : Dmpu
2024-09-25 16:41:17,374 [ERROR] ConditionMgr:805 - Attr not supported : Dmpu
2024-09-25 16:41:17,374 [ERROR] ConditionMgr:805 - Attr not supported : Dmpu
2024-09-25 16:41:17,374 [ERROR] ConditionMgr:805 - Attr not supported : Dmpu
2024-09-25 16:41:17,374 [ERROR] ConditionMgr:805 - Attr not supported : Dmpu
2024-09-25 16:41:17,374 [ERROR] ConditionMgr:805 - Attr not supported : Dmpu
2024-09-25 16:41:17,374 [ERROR] ConditionMgr:805 - Attr not supported : Dmpu
2024-09-25 16:41:17,374 [ERROR] ConditionMgr:805 - Attr not supported : Dmpu
2024-09-25 16:41:17,374 [ERROR] ConditionMgr:805 - Attr not supported : Dmpu
2024-09-25 16:41:17,374 [ERROR] ConditionMgr:805 - Attr not supported : Dmpu
2024-09-25 16:41:17,374 [ERROR] ConditionMgr:805 - Attr not supported : Dmpu
2024-09-25 16:41:17,375 [ERROR] ConditionMgr:805 - Attr not supported : Dmpu
2024-09-25 16:41:17,375 [ERROR] ConditionMgr:805 - Attr not supported : Dmpu
2024-09-25 16:41:17,375 [ERROR] ConditionMgr:805 - Attr not supported : Dmpu
2024-09-25 16:41:17,375 [ERROR] ConditionMgr:805 - Attr not supported : Dmpu
2024-09-25 16:41:17,375 [ERROR] ConditionMgr:805 - Attr not supported : Dmpu
2024-09-25 16:41:17,375 [ERROR] ConditionMgr:805 - Attr not supported : Dmpu
2024-09-25 16:41:17,375 [ERROR] ConditionMgr:805 - Attr not supported : Dmpu
2024-09-25 16:41:17,375 [ERROR] ConditionMgr:805 - Attr not supported : Dmpu
2024-09-25 16:41:17,375 [ERROR] ConditionMgr:805 - Attr not supported : Dmpu
2024-09-25 16:41:17,375 [ERROR] ConditionMgr:805 - Attr not supported : Dmpu
2024-09-25 16:41:17,376 [ERROR] ConditionMgr:805 - Attr not supported : Dmpu
2024-09-25 16:41:17,376 [ERROR] ConditionMgr:805 - Attr not supported : Dmpu
2024-09-25 16:41:17,376 [ERROR] ConditionMgr:805 - Attr not supported : Dmpu
2024-09-25 16:41:17,376 [ERROR] ConditionMgr:805 - Attr not supported : Dmpu
2024-09-25 16:41:17,376 [ERROR] ConditionMgr:805 - Attr not supported : Dmpu
2024-09-25 16:41:17,376 [ERROR] ConditionMgr:805 - Attr not supported : Dmpu
2024-09-25 16:41:17,376 [ERROR] ConditionMgr:805 - Attr not supported : Dmpu
2024-09-25 16:41:17,376 [ERROR] ConditionMgr:805 - Attr not supported : Dmpu
2024-09-25 16:41:17,376 [ERROR] ConditionMgr:805 - Attr not supported : Dmpu
2024-09-25 16:41:17,376 [ERROR] ConditionMgr:805 - Attr not supported : Dmpu
2024-09-25 16:41:17,377 [ERROR] ConditionMgr:805 - Attr not supported : Dmpu
2024-09-25 16:41:17,377 [ERROR] ConditionMgr:805 - Attr not supported : Dmpu
2024-09-25 16:41:17,377 [ERROR] ConditionMgr:805 - Attr not supported : Dmpu
2024-09-25 16:41:17,377 [ERROR] ConditionMgr:805 - Attr not supported : Dmpu
2024-09-25 16:41:17,377 [ERROR] ConditionMgr:805 - Attr not supported : Dmpu
2024-09-25 16:41:17,377 [ERROR] ConditionMgr:805 - Attr not supported : Dmpu
2024-09-25 16:41:17,377 [ERROR] ConditionMgr:805 - Attr not supported : Dmpu
2024-09-25 16:41:17,377 [ERROR] ConditionMgr:805 - Attr not supported : Dmpu
2024-09-25 16:41:17,378 [ERROR] ConditionMgr:805 - Attr not supported : Dmpu
2024-09-25 16:41:17,378 [ERROR] ConditionMgr:805 - Attr not supported : Dmpu
2024-09-25 16:41:17,378 [ERROR] ConditionMgr:805 - Attr not supported : Dmpu
2024-09-25 16:41:17,378 [ERROR] ConditionMgr:805 - Attr not supported : Dmpu
2024-09-25 16:41:17,378 [ERROR] ConditionMgr:805 - Attr not supported : Dmpu
2024-09-25 16:41:17,378 [ERROR] ConditionMgr:805 - Attr not supported : Dmpu
2024-09-25 16:41:17,378 [ERROR] ConditionMgr:805 - Attr not supported : Dmpu
2024-09-25 16:41:17,378 [ERROR] ConditionMgr:805 - Attr not supported : Dmpu
2024-09-25 16:41:17,378 [ERROR] ConditionMgr:805 - Attr not supported : Dmpu
2024-09-25 16:41:17,378 [ERROR] ConditionMgr:805 - Attr not supported : Dmpu
2024-09-25 16:41:17,379 [ERROR] ConditionMgr:805 - Attr not supported : Dmpu
2024-09-25 16:41:17,379 [ERROR] ConditionMgr:805 - Attr not supported : Dmpu
2024-09-25 16:41:17,379 [ERROR] ConditionMgr:805 - Attr not supported : Dmpu
2024-09-25 16:41:17,379 [ERROR] ConditionMgr:805 - Attr not supported : Dmpu
2024-09-25 16:41:17,379 [ERROR] ConditionMgr:805 - Attr not supported : Dmpu
2024-09-25 16:41:17,379 [ERROR] ConditionMgr:805 - Attr not supported : Dmpu
2024-09-25 16:41:17,379 [ERROR] ConditionMgr:805 - Attr not supported : Dmpu
2024-09-25 16:41:17,380 [ERROR] ConditionMgr:805 - Attr not supported : Dmpu
2024-09-25 16:41:17,380 [ERROR] ConditionMgr:805 - Attr not supported : Dmpu
2024-09-25 16:41:17,405 [WARN] PackLoader:240 - Cannot read IP mode file for RealThread.X-CUBE-RT-Thread_Nano.4.1.1
2024-09-25 16:41:17,413 [WARN] PackLoader:240 - Cannot read IP mode file for STMicroelectronics.FP-ATR-SIGFOX1.3.2.0
2024-09-25 16:41:17,419 [WARN] PackLoader:240 - Cannot read IP mode file for wolfSSL.I-CUBE-wolfSSL.5.7.2
2024-09-25 16:41:17,428 [WARN] PackLoader:240 - Cannot read IP mode file for STMicroelectronics.X-CUBE-EEPRMA1.5.1.0
2024-09-25 16:41:17,438 [WARN] PackLoader:240 - Cannot read IP mode file for ITTIA_DB.I-CUBE-ITTIADB.8.9.0
2024-09-25 16:41:17,483 [WARN] PackLoader:240 - Cannot read IP mode file for SEGGER.I-CUBE-embOS.1.3.1
2024-09-25 16:41:17,573 [WARN] PackLoader:240 - Cannot read IP mode file for STMicroelectronics.X-CUBE-ALGOBUILD.1.4.0
2024-09-25 16:41:17,583 [WARN] PackLoader:240 - Cannot read IP mode file for STMicroelectronics.X-CUBE-GNSS1.6.0.0
2024-09-25 16:41:17,626 [WARN] PackLoader:240 - Cannot read IP mode file for STMicroelectronics.X-CUBE-AZRTOS-F4.1.1.0
2024-09-25 16:41:17,638 [WARN] PackLoader:240 - Cannot read IP mode file for STMicroelectronics.X-CUBE-ISPU.2.1.0
2024-09-25 16:41:17,647 [WARN] PackLoader:240 - Cannot read IP mode file for STMicroelectronics.X-CUBE-FREERTOS.1.2.0
2024-09-25 16:41:17,675 [WARN] PackLoader:240 - Cannot read IP mode file for STMicroelectronics.X-CUBE-AZRTOS-L5.2.0.0
2024-09-25 16:41:17,689 [WARN] PackLoader:240 - Cannot read IP mode file for STMicroelectronics.X-CUBE-NFC6.3.1.0
2024-09-25 16:41:17,705 [WARN] PackLoader:240 - Cannot read IP mode file for STMicroelectronics.X-CUBE-DPower.1.2.0
2024-09-25 16:41:17,712 [WARN] PackLoader:240 - Cannot read IP mode file for STMicroelectronics.X-CUBE-AI.9.0.0
2024-09-25 16:41:17,721 [WARN] PackLoader:240 - Cannot read IP mode file for STMicroelectronics.X-CUBE-NFC7.1.0.1
2024-09-25 16:41:17,757 [WARN] ConditionMgr:438 - getConditionDescription Invalid condition id : LAN8742 Phy interface Condition cause : null
2024-09-25 16:41:17,758 [WARN] PackLoader:240 - Cannot read IP mode file for STMicroelectronics.X-CUBE-AZRTOS-L4.2.0.0
2024-09-25 16:41:17,760 [WARN] ConditionMgr:1039 - genDependencies : Invalid condition id : LAN8742 Phy interface Condition cause : null
2024-09-25 16:41:17,760 [WARN] ConditionMgr:1039 - genDependencies : Invalid condition id : LAN8742 Phy interface Condition cause : null
2024-09-25 16:41:17,761 [WARN] ConditionMgr:1039 - genDependencies : Invalid condition id : LAN8742 Phy interface Condition cause : null
2024-09-25 16:41:17,783 [WARN] PackLoader:240 - Cannot read IP mode file for STMicroelectronics.X-CUBE-SFXS2LP1.4.0.0
2024-09-25 16:41:17,824 [WARN] PackLoader:240 - Cannot read IP mode file for STMicroelectronics.X-CUBE-AZRTOS-H7.3.3.0
2024-09-25 16:41:17,844 [WARN] ConditionMgr:438 - getConditionDescription Invalid condition id : UX DEVICE CLASS RTOS Condition cause : null
2024-09-25 16:41:17,845 [WARN] ConditionMgr:438 - getConditionDescription Invalid condition id : UX DEVICE CLASS RTOS Condition cause : null
2024-09-25 16:41:17,854 [WARN] PackLoader:240 - Cannot read IP mode file for STMicroelectronics.X-CUBE-AZRTOS-WB.2.0.0
2024-09-25 16:41:17,855 [WARN] ConditionMgr:1039 - genDependencies : Invalid condition id : UX DEVICE CLASS RTOS Condition cause : null
2024-09-25 16:41:17,855 [WARN] ConditionMgr:1039 - genDependencies : Invalid condition id : UX DEVICE CLASS RTOS Condition cause : null
2024-09-25 16:41:17,856 [WARN] ConditionMgr:1039 - genDependencies : Invalid condition id : UX DEVICE CLASS RTOS Condition cause : null
2024-09-25 16:41:17,857 [WARN] ConditionMgr:1039 - genDependencies : Invalid condition id : UX DEVICE CLASS RTOS Condition cause : null
2024-09-25 16:41:17,857 [WARN] ConditionMgr:1039 - genDependencies : Invalid condition id : UX DEVICE CLASS RTOS Condition cause : null
2024-09-25 16:41:17,866 [WARN] PackLoader:240 - Cannot read IP mode file for STMicroelectronics.X-CUBE-GNSS1.7.0.0
2024-09-25 16:41:17,876 [WARN] PackLoader:240 - Cannot read IP mode file for STMicroelectronics.FP-SNS-STBOX1.2.0.0
2024-09-25 16:41:17,892 [WARN] PackLoader:240 - Cannot read IP mode file for STMicroelectronics.X-CUBE-SUBG2.5.0.0
2024-09-25 16:41:17,908 [WARN] PackLoader:240 - Cannot read IP mode file for Cesanta.I-CUBE-Mongoose.7.13.0
2024-09-25 16:41:17,930 [WARN] PackLoader:240 - Cannot read IP mode file for STMicroelectronics.X-CUBE-AZRTOS-G4.2.0.0
2024-09-25 16:41:17,937 [WARN] PackLoader:240 - Cannot read IP mode file for STMicroelectronics.X-CUBE-ISPU.2.0.0
2024-09-25 16:41:17,945 [WARN] PackLoader:240 - Cannot read IP mode file for STMicroelectronics.X-CUBE-ALS.1.0.2
2024-09-25 16:41:17,959 [WARN] PackLoader:240 - Cannot read IP mode file for STMicroelectronics.X-CUBE-TOUCHGFX.4.24.0
2024-09-25 16:41:17,964 [WARN] PackLoader:240 - Cannot read IP mode file for STMicroelectronics.X-CUBE-TOUCHGFX.4.24.1
2024-09-25 16:41:17,969 [WARN] PackLoader:240 - Cannot read IP mode file for wolfSSL.I-CUBE-wolfTPM.3.4.0
2024-09-25 16:41:17,977 [WARN] PackLoader:240 - Cannot read IP mode file for portGmbH.I-Cube-SoM-uGOAL.1.1.0
2024-09-25 16:41:18,006 [WARN] PackLoader:240 - Cannot read IP mode file for STMicroelectronics.X-CUBE-AZRTOS-H7RS.1.0.0
2024-09-25 16:41:18,016 [WARN] PackLoader:240 - Cannot read IP mode file for STMicroelectronics.FP-ATR-ASTRA1.2.0.0
2024-09-25 16:41:18,032 [WARN] PackLoader:240 - Cannot read IP mode file for STMicroelectronics.X-CUBE-TOF1.3.4.2
2024-09-25 16:41:18,085 [WARN] PackLoader:240 - Cannot read IP mode file for wolfSSL.I-CUBE-wolfSSH.1.4.17
2024-09-25 16:41:18,086 [INFO] ThirdParty:978 - Integrity check success = true
2024-09-25 16:41:18,086 [INFO] IntegrityCheckThread:100 - exiting critical section [integrity check]
2024-09-25 16:41:18,086 [INFO] IntegrityCheckThread:103 - End integrity checks thread
2024-09-25 16:41:18,173 [INFO] WebApp:448 - Apply proxy settings
2024-09-25 16:41:18,174 [INFO] WebApp:533 - Chromium requires no authentication
2024-09-25 16:41:18,208 [INFO] WebApp:476 - Direct internet connection detected
2024-09-25 16:41:18,319 [INFO] WebApp:869 - Register for checkConnection events
2024-09-25 16:41:18,319 [INFO] WebApp:448 - Apply proxy settings
2024-09-25 16:41:18,319 [INFO] WebApp:533 - Chromium requires no authentication
2024-09-25 16:41:18,320 [INFO] WebApp:476 - Direct internet connection detected
2024-09-25 16:41:18,637 [INFO] WebApp:220 - Starting web application
2024-09-25 16:41:18,637 [INFO] WebApp:578 - Web application path used C:\ST\STM32CubeIDE_1.16.0\STM32CubeIDE\plugins\com.st.stm32cube.common.mx_6.12.0.202406281431\db\plugins\mcufinder\reactClient1\index.html
2024-09-25 16:41:18,780 [INFO] UserAuth:417 - Internet connection configuration mode: 1
